From github.com:diegodiehl-orulo/cerebro
 * branch            master     -> FETCH_HEAD
Everything up-to-date
OK
From github.com:diegodiehl-orulo/cerebro
 * branch            master     -> FETCH_HEAD
Everything up-to-date
OK
[2026-04-03 03:04] Sync OK
From github.com:diegodiehl-orulo/cerebro
 * branch            master     -> FETCH_HEAD
To github.com:diegodiehl-orulo/cerebro.git
   af47aec..ed5c965  master -> master
OK
From github.com:diegodiehl-orulo/cerebro
 * branch            master     -> FETCH_HEAD
Everything up-to-date
OK
From github.com:diegodiehl-orulo/cerebro
 * branch            master     -> FETCH_HEAD
To github.com:diegodiehl-orulo/cerebro.git
   466bc2e..b54ecb4  master -> master
OK
From github.com:diegodiehl-orulo/cerebro
 * branch            master     -> FETCH_HEAD
