[2026-04-06 23:15:13] === ANALYZER RUNNER INICIADO ===
[2026-04-06 23:15:13] PID: 27109
[2026-04-06 23:15:13] Meetings pendentes: 148
[2026-04-06 23:15:13] [1/148] Processando 698334ce7d83e400138dc05b...
[2026-04-06 23:20:13]   -> ERRO (rc=124): 
[2026-04-06 23:20:18] [2/148] Processando 698e071b1bcf5d0012a314f4...
[2026-04-06 23:25:18]   -> ERRO (rc=124): 
[2026-04-06 23:25:23] [3/148] Processando 69a07c1fe344ac00135c907e...
[2026-04-06 23:30:23]   -> ERRO (rc=124): 
[2026-04-06 23:30:28] [4/148] Processando 69bd3dc6afb4b00013f63364...
[2026-04-06 23:35:28]   -> ERRO (rc=124): 
[2026-04-06 23:35:33] [5/148] Processando 69a9d2aaf0f6080013cc814b...
[2026-04-06 23:40:33]   -> ERRO (rc=124): 
[2026-04-06 23:40:33] ALERTA: 5 erros seguidos. Pausando 60s...
[2026-04-06 23:41:38] [6/148] Processando 6968cc27290b3e0013fc3d86...
[2026-04-06 23:46:38]   -> ERRO (rc=124): 
[2026-04-06 23:46:43] [7/148] Processando 69736636913cb900132bd0eb...
[2026-04-06 23:51:43]   -> ERRO (rc=124): 
[2026-04-06 23:51:48] [8/148] Processando 696c11393259e40013346e82...
[2026-04-06 23:56:48]   -> ERRO (rc=124): 
[2026-04-06 23:56:53] [9/148] Processando 69b47ac2e108b900136ad1fd...
[2026-04-07 00:01:54]   -> ERRO (rc=124): 
[2026-04-07 00:01:59] [10/148] Processando 697ca3cb6216b200139caad4...
[2026-04-07 00:06:59]   -> ERRO (rc=124): 
[2026-04-07 00:06:59] ALERTA: 5 erros seguidos. Pausando 60s...
[2026-04-07 00:08:04] [11/148] Processando 6965289899767e001343fd33...
[2026-04-07 00:10:31]   -> ERRO (rc=1): RuntimeError: openclaw agent falhou (rc=1): Gateway agent failed; falling back to embedded: GatewayClientRequestError: LiveSessionModelSwitchError: Live session model switch requested: minimax/MiniMax-M2.7
[agent/embedded] workspace bootstrap f
[2026-04-07 00:10:36] [12/148] Processando 695657252ab9160013645599...
[2026-04-07 00:11:03]   -> ERRO (rc=1): RuntimeError: openclaw agent falhou (rc=1): Gateway agent failed; falling back to embedded: GatewayClientRequestError: LiveSessionModelSwitchError: Live session model switch requested: minimax/MiniMax-M2.7
[agent/embedded] workspace bootstrap f
[2026-04-07 00:11:08] [13/148] Processando 69be9d49c1f67b0013e5fa4c...
[2026-04-07 00:13:35]   -> ERRO (rc=1): RuntimeError: openclaw agent falhou (rc=1): Gateway agent failed; falling back to embedded: GatewayClientRequestError: LiveSessionModelSwitchError: Live session model switch requested: minimax/MiniMax-M2.7
[agent/embedded] workspace bootstrap f
[2026-04-07 00:13:40] [14/148] Processando 698ddce91bcf5d0012a30d2c...
[2026-04-07 00:14:07]   -> ERRO (rc=1): RuntimeError: openclaw agent falhou (rc=1): Gateway agent failed; falling back to embedded: GatewayClientRequestError: LiveSessionModelSwitchError: Live session model switch requested: minimax/MiniMax-M2.7
[agent/embedded] workspace bootstrap f
[2026-04-07 00:14:12] [15/148] Processando 697cbcd6697b570013ec88f3...
[2026-04-07 00:16:02]   -> ERRO (rc=1): [agents/model-providers] [xai-auth] bootstrap config fallback: no config-backed key found
No reply from agent.
[2026-04-07 00:16:02] ALERTA: 5 erros seguidos. Pausando 60s...
[2026-04-07 00:17:07] [16/148] Processando 695fe28f9bd84b0013b93906...
[2026-04-07 00:19:04]   -> ERRO (rc=1): [agents/model-providers] [xai-auth] bootstrap config fallback: no config-backed key found
No reply from agent.
[2026-04-07 00:19:09] [17/148] Processando 696a75653f16fc001325454d...
[2026-04-07 00:21:37]   -> ERRO (rc=1): RuntimeError: openclaw agent falhou (rc=1): Gateway agent failed; falling back to embedded: GatewayClientRequestError: LiveSessionModelSwitchError: Live session model switch requested: minimax/MiniMax-M2.7
[agent/embedded] workspace bootstrap f
[2026-04-07 00:21:42] [18/148] Processando 6981f853f956630013246627...
[2026-04-07 00:22:08]   -> ERRO (rc=1): RuntimeError: openclaw agent falhou (rc=1): Gateway agent failed; falling back to embedded: GatewayClientRequestError: LiveSessionModelSwitchError: Live session model switch requested: minimax/MiniMax-M2.7
[agent/embedded] workspace bootstrap f
[2026-04-07 00:22:13] [19/148] Processando 69bae81cdbc75500136a1bba...
[2026-04-07 00:24:41]   -> ERRO (rc=1): RuntimeError: openclaw agent falhou (rc=1): Gateway agent failed; falling back to embedded: GatewayClientRequestError: LiveSessionModelSwitchError: Live session model switch requested: minimax/MiniMax-M2.7
[agent/embedded] workspace bootstrap f
[2026-04-07 00:24:46] [20/148] Processando 69c13943dbc75500136a8b94...
[2026-04-07 00:25:14]   -> ERRO (rc=1): RuntimeError: openclaw agent falhou (rc=1): Gateway agent failed; falling back to embedded: GatewayClientRequestError: LiveSessionModelSwitchError: Live session model switch requested: minimax/MiniMax-M2.7
[agent/embedded] workspace bootstrap f
[2026-04-07 00:25:14] ALERTA: 5 erros seguidos. Pausando 60s...
[2026-04-07 00:26:19] [21/148] Processando 6973b71e7f640c0013685039...
[2026-04-07 00:27:18]   -> ERRO (rc=1): [ERR] 6973b71e7f640c0013685039: JSON parse error: Invalid \escape: line 1 column 2980 (char 2979)
Raw: {"meeting_id":"6973b71e7f640c0013685039","name":"Orulo Goiania -GO","happened_at":"2026-01-23T18:00:00.000Z","analysis_version":"1.0","analysis_generated_at":"2026-04-07T00:26:00.000Z","executive_summary":"Felipe apresentou modelo Órulo para José Antônio Freitas (Goiânia) - possível parceiro local. 
[2026-04-07 00:27:23] [22/148] Processando 6979fa4507a27300130c12b7...
[2026-04-07 00:28:29]   -> OK
[2026-04-07 00:28:34] [23/148] Processando 6980adfcc547420013ede25e...
[2026-04-07 00:29:59]   -> OK
[2026-04-07 00:30:04] [24/148] Processando 69667a16e31f6c00137f2466...
[2026-04-07 00:35:04]   -> ERRO (rc=124): 
[2026-04-07 00:35:09] [25/148] Processando 69722d66a1068c0013a36938...
[2026-04-07 00:40:09]   -> ERRO (rc=124): 
Ledger atualizado
[2026-04-07 00:40:09] Checkpoint salvo (25 processados)
[2026-04-07 00:40:14] [26/148] Processando 6972853543e33a00133a3e06...
[2026-04-07 00:42:02]   -> ERRO (rc=1): [agents/model-providers] [xai-auth] bootstrap config fallback: no config-backed key found
No reply from agent.
[2026-04-07 00:42:07] [27/148] Processando 698e3137ecdf0e00130126b6...
[2026-04-07 00:43:55]   -> ERRO (rc=1): [agents/model-providers] [xai-auth] bootstrap config fallback: no config-backed key found
No reply from agent.
[2026-04-07 00:44:00] [28/148] Processando 6970d3346d38bb00139bbcb1...
[2026-04-07 00:46:28]   -> ERRO (rc=1): RuntimeError: openclaw agent falhou (rc=1): Gateway agent failed; falling back to embedded: GatewayClientRequestError: LiveSessionModelSwitchError: Live session model switch requested: minimax/MiniMax-M2.7
[agent/embedded] workspace bootstrap f
[2026-04-07 00:46:28] ALERTA: 5 erros seguidos. Pausando 60s...
[2026-04-07 00:47:33] [29/148] Processando 69809fea697b570013ecbd63...
[2026-04-07 00:50:00]   -> ERRO (rc=1): RuntimeError: openclaw agent falhou (rc=1): Gateway agent failed; falling back to embedded: GatewayClientRequestError: LiveSessionModelSwitchError: Live session model switch requested: minimax/MiniMax-M2.7
[agent/embedded] workspace bootstrap f
[2026-04-07 00:50:05] [30/148] Processando 69aae4df857a4c001357028e...
[2026-04-07 00:50:32]   -> ERRO (rc=1): RuntimeError: openclaw agent falhou (rc=1): Gateway agent failed; falling back to embedded: GatewayClientRequestError: LiveSessionModelSwitchError: Live session model switch requested: minimax/MiniMax-M2.7
[agent/embedded] workspace bootstrap f
[2026-04-07 00:50:37] [31/148] Processando 6966a43a99bea20013efccec...
[2026-04-07 00:52:29]   -> ERRO (rc=1): [agents/model-providers] [xai-auth] bootstrap config fallback: no config-backed key found
No reply from agent.
[2026-04-07 00:52:34] [32/148] Processando 69b1bd08c1e9ee0013779ffa...
[2026-04-07 00:55:02]   -> ERRO (rc=1): RuntimeError: openclaw agent falhou (rc=1): Gateway agent failed; falling back to embedded: GatewayClientRequestError: LiveSessionModelSwitchError: Live session model switch requested: minimax/MiniMax-M2.7
[agent/embedded] workspace bootstrap f
[2026-04-07 00:55:07] [33/148] Processando 699de717fc507800135cebf6...
[2026-04-07 00:56:40]   -> ERRO (rc=1): [agents/model-providers] [xai-auth] bootstrap config fallback: no config-backed key found
{"meeting_id":"699de717fc507800135cebf6","name":"Orulo + PodConfra's","happened_at":"2026-02-24T18:00:00.000Z","analysis
[2026-04-07 00:56:40] ALERTA: 5 erros seguidos. Pausando 60s...
[2026-04-07 00:57:45] [34/148] Processando 69847ba69d3ddc0013455c21...
[2026-04-07 00:59:34]   -> ERRO (rc=1): [agents/model-providers] [xai-auth] bootstrap config fallback: no config-backed key found
No reply from agent.
[2026-04-07 00:59:39] [35/148] Processando 69c3ce3605b6060013042fc0...
[2026-04-07 01:01:21]   -> ERRO (rc=1): [agents/model-providers] [xai-auth] bootstrap config fallback: no config-backed key found
No reply from agent.
[2026-04-07 01:01:26] [36/148] Processando 69cc20acddea5b00135fdc45...
