[2026-04-06T23:31:54]   6690232be5ccd900129d3e25: 8 tarefas geradas (DRY)
[2026-04-06T23:31:54]   669563a15e431f001476e56d: 4 tarefas geradas (DRY)
[2026-04-06T23:31:54] Consolidado: 12 tarefas | Sem dono: 7 | Sem prazo: 8
[2026-04-06T23:31:54] Task generator finalizado. Processados: 2 | Total tarefas: 12
[2026-04-06T23:32:04] Nenhuma análise nova para processar.
[2026-04-06T23:34:01]   6690232be5ccd900129d3e25: 0 tarefas geradas
[2026-04-06T23:34:01]   669563a15e431f001476e56d: 0 tarefas geradas
[2026-04-06T23:34:01] Task generator finalizado. Processados: 2 | Total tarefas: 0
[2026-04-06T23:36:53]   6690232be5ccd900129d3e25: 8 tarefas geradas
[2026-04-06T23:36:53]   669563a15e431f001476e56d: 4 tarefas geradas
[2026-04-06T23:36:53] Consolidado: 24 tarefas | Sem dono: 14 | Sem prazo: 16
[2026-04-06T23:36:53] Task generator finalizado. Processados: 2 | Total tarefas: 24
[2026-04-06T23:37:18]   6690232be5ccd900129d3e25: 8 tarefas geradas
[2026-04-06T23:37:18]   669563a15e431f001476e56d: 4 tarefas geradas
[2026-04-06T23:37:18] Consolidado: 24 tarefas | Sem dono: 14 | Sem prazo: 16
[2026-04-06T23:37:18] Task generator finalizado. Processados: 2 | Total tarefas: 24
[2026-04-07T08:00:41]   695cf940664f000013cd81f9: 18 tarefas geradas
[2026-04-07T08:00:41]   696102ceba41f90013f01bc6: 7 tarefas geradas
[2026-04-07T08:00:41]   6967853db5963c0013b55312: 16 tarefas geradas
[2026-04-07T08:00:41]   696f83508e65ee001308f578: 13 tarefas geradas
[2026-04-07T08:00:41]   696fdeb8a1068c0013a314e8: 13 tarefas geradas
[2026-04-07T08:00:41]   6979fa4507a27300130c12b7: 13 tarefas geradas
[2026-04-07T08:00:41]   697a63ad970d0100136de235: 14 tarefas geradas
[2026-04-07T08:00:41]   6980adfcc547420013ede25e: 15 tarefas geradas
[2026-04-07T08:00:41]   6984d38d922a6d0013ac69e6: 12 tarefas geradas
[2026-04-07T08:00:41]   6985db365e4d110013684396: 17 tarefas geradas
[2026-04-07T08:00:41]   698656450f9b520013d4b1a8: 11 tarefas geradas
[2026-04-07T08:00:41]   698c8f0c6f43fb001351e1fb: 11 tarefas geradas
[2026-04-07T08:00:41]   699f46b285c6ba0013e889b6: 17 tarefas geradas
[2026-04-07T08:00:41]   69a0435446f1b600120eec2f: 23 tarefas geradas
[2026-04-07T08:00:41]   69a965a5857a4c001356cc3b: 4 tarefas geradas
[2026-04-07T08:00:41]   69aad6cb6a12da00133feb4e: 26 tarefas geradas
[2026-04-07T08:00:41]   69bd75fea6d8bc0013db5b94: 15 tarefas geradas
[2026-04-07T08:00:41]   69c3ea62dbc75500136ae5ab: 9 tarefas geradas
[2026-04-07T08:00:41]   69c6864fc212f3001399e8f9: 17 tarefas geradas
[2026-04-07T08:00:41]   69cc039014bbdc00133e2a6a: 21 tarefas geradas
[2026-04-07T08:00:41]   69ce63fd8ca95a001348d020: 13 tarefas geradas
[2026-04-07T08:00:41] Consolidado: 622 tarefas | Sem dono: 119 | Sem prazo: 446
[2026-04-07T08:00:41] Task generator finalizado. Processados: 21 | Total tarefas: 622
[2026-04-07T10:06:19]   6690232be5ccd900129d3e25: 8 tarefas geradas
[2026-04-07T10:06:19]   669563a15e431f001476e56d: 4 tarefas geradas
[2026-04-07T10:06:19]   695cf940664f000013cd81f9: 18 tarefas geradas
[2026-04-07T10:06:19]   696102ceba41f90013f01bc6: 7 tarefas geradas
[2026-04-07T10:06:19]   6967853db5963c0013b55312: 16 tarefas geradas
[2026-04-07T10:06:19]   696f83508e65ee001308f578: 13 tarefas geradas
[2026-04-07T10:06:19]   696fdeb8a1068c0013a314e8: 13 tarefas geradas
[2026-04-07T10:06:19]   6979fa4507a27300130c12b7: 13 tarefas geradas
[2026-04-07T10:06:19]   697a63ad970d0100136de235: 14 tarefas geradas
[2026-04-07T10:06:19]   6980adfcc547420013ede25e: 15 tarefas geradas
[2026-04-07T10:06:19]   6984d38d922a6d0013ac69e6: 12 tarefas geradas
[2026-04-07T10:06:19]   6985db365e4d110013684396: 17 tarefas geradas
[2026-04-07T10:06:19]   698656450f9b520013d4b1a8: 11 tarefas geradas
[2026-04-07T10:06:19]   698c8f0c6f43fb001351e1fb: 11 tarefas geradas
[2026-04-07T10:06:19]   699f46b285c6ba0013e889b6: 17 tarefas geradas
[2026-04-07T10:06:19]   69a0435446f1b600120eec2f: 23 tarefas geradas
[2026-04-07T10:06:19]   69a965a5857a4c001356cc3b: 4 tarefas geradas
[2026-04-07T10:06:19]   69aad6cb6a12da00133feb4e: 26 tarefas geradas
[2026-04-07T10:06:19]   69bd75fea6d8bc0013db5b94: 15 tarefas geradas
[2026-04-07T10:06:19]   69c3ea62dbc75500136ae5ab: 9 tarefas geradas
[2026-04-07T10:06:19]   69c6864fc212f3001399e8f9: 17 tarefas geradas
[2026-04-07T10:06:19]   69cc039014bbdc00133e2a6a: 21 tarefas geradas
[2026-04-07T10:06:19]   69ce63fd8ca95a001348d020: 13 tarefas geradas
[2026-04-07T10:06:19] Consolidado: 634 tarefas | Sem dono: 126 | Sem prazo: 454
[2026-04-07T10:06:19] Task generator finalizado. Processados: 23 | Total tarefas: 634
[2026-04-07T10:15:19] Nenhuma análise nova para processar.
[2026-04-07T10:18:55]   6690232be5ccd900129d3e25: 8 tarefas geradas
[2026-04-07T10:18:55]   669563a15e431f001476e56d: 4 tarefas geradas
[2026-04-07T10:18:55]   6979fa4507a27300130c12b7: 13 tarefas geradas
[2026-04-07T10:18:55]   6980adfcc547420013ede25e: 15 tarefas geradas
[2026-04-07T10:18:55] Consolidado: 80 tarefas | Sem dono: 30 | Sem prazo: 70
[2026-04-07T10:18:55] Task generator finalizado. Processados: 4 | Total tarefas: 80
