[2026-04-09T10:11:15]   695657252ab9160013645599: 4 tarefas geradas
[2026-04-09T10:11:15]   695bfc1ee9b88d0013912e2b: 26 tarefas geradas
[2026-04-09T10:11:15]   695c285567410d0013fd37f1: 23 tarefas geradas
[2026-04-09T10:11:15]   695e4ac3e9b88d00139173a0: 8 tarefas geradas
[2026-04-09T10:11:15]   695f91a6828894001391e6e0: 22 tarefas geradas
[2026-04-09T10:11:15]   6960edbf427f08001307f913: 21 tarefas geradas
[2026-04-09T10:11:15]   6964f0693d76f900137fb719: 27 tarefas geradas
[2026-04-09T10:11:15]   696528960245ea00136ccc1d: 17 tarefas geradas
[2026-04-09T10:11:15]   6966a43a99bea20013efccec: 30 tarefas geradas
[2026-04-09T10:11:15]   6968cc27290b3e0013fc3d86: 4 tarefas geradas
[2026-04-09T10:11:15]   6968f2f67ab7870013a596e4: 15 tarefas geradas
[2026-04-09T10:11:15]   69691d10290b3e0013fc4c42: 16 tarefas geradas
[2026-04-09T10:11:15]   696c11393259e40013346e82: 8 tarefas geradas
[2026-04-09T10:11:15]   696e712f500a210013c24a52: 25 tarefas geradas
[2026-04-09T10:11:15]   696f8356ee25fd0013b6ac94: 16 tarefas geradas
[2026-04-09T10:11:15]   696fc2aba1068c0013a3116d: 15 tarefas geradas
[2026-04-09T10:11:15]   6970bfcbe50d0f0012494508: 19 tarefas geradas
[2026-04-09T10:11:15]   6970d3346d38bb00139bbcb1: 28 tarefas geradas
[2026-04-09T10:11:15]   6970fca1e50d0f00124950b1: 16 tarefas geradas
[2026-04-09T10:11:15]   6971292de4d717001331d562: 19 tarefas geradas
[2026-04-09T10:11:15]   697214b6e4d717001331f32f: 16 tarefas geradas
[2026-04-09T10:11:15]   69722d66a1068c0013a36938: 4 tarefas geradas
[2026-04-09T10:11:15]   6972853543e33a00133a3e06: 3 tarefas geradas
[2026-04-09T10:11:15]   69736636913cb900132bd0eb: 26 tarefas geradas
[2026-04-09T10:11:15]   697377d35355be00138a5614: 24 tarefas geradas
[2026-04-09T10:11:15]   6973b71e7f640c0013685039: 18 tarefas geradas
[2026-04-09T10:11:15]   6977c7b7764dcd0013dc6ea3: 1 tarefas geradas
[2026-04-09T10:11:15]   697b41262238f70013485bfe: 3 tarefas geradas
[2026-04-09T10:11:15]   697ca3cb6216b200139caad4: 23 tarefas geradas
[2026-04-09T10:11:15]   697cbcd6697b570013ec88f3: 17 tarefas geradas
[2026-04-09T10:11:15]   6980e28ee1a16800131fd261: 1 tarefas geradas
[2026-04-09T10:11:15]   698334ce7d83e400138dc05b: 20 tarefas geradas
[2026-04-09T10:11:15]   69834628f89b5a0013ba42fd: 25 tarefas geradas
[2026-04-09T10:11:15]   69837b247d83e400138dcef6: 1 tarefas geradas
[2026-04-09T10:11:15]   698494656b8a0100138b0a95: 1 tarefas geradas
[2026-04-09T10:11:15]   6984a262c8ca580013150c28: 13 tarefas geradas
[2026-04-09T10:11:15]   6984c57ba0c380001332dc21: 16 tarefas geradas
[2026-04-09T10:11:15]   6984e8ad922a6d0013ac6d63: 1 tarefas geradas
[2026-04-09T10:11:15]   6984f6b56de6d60013aef6ba: 3 tarefas geradas
[2026-04-09T10:11:15]   6989ef6383febd0013d31918: 14 tarefas geradas
[2026-04-09T10:11:15]   698b7223486bad00134bacac: 15 tarefas geradas
[2026-04-09T10:11:15]   698b9011657ae90013b40ee1: 25 tarefas geradas
[2026-04-09T10:11:15]   698c6f356979ef0013b83ce5: 20 tarefas geradas
[2026-04-09T10:11:15]   698cb58fecdf0e001300edbc: 18 tarefas geradas
[2026-04-09T10:11:15]   698dcb4b834af3001393610e: 26 tarefas geradas
[2026-04-09T10:11:15]   698ddce91bcf5d0012a30d2c: 4 tarefas geradas
[2026-04-09T10:11:15]   698e071b1bcf5d0012a314f4: 23 tarefas geradas
[2026-04-09T10:11:15]   698e3137ecdf0e00130126b6: 4 tarefas geradas
[2026-04-09T10:11:15]   698f6d9bacd46d001342c98e: 24 tarefas geradas
[2026-04-09T10:11:15]   6996f0a540e61f0013935ff4: 1 tarefas geradas
[2026-04-09T10:11:15]   699c4f44e344ac00135beff1: 27 tarefas geradas
[2026-04-09T10:11:15]   699de717fc507800135cebf6: 17 tarefas geradas
[2026-04-09T10:11:15]   699df8a5fc507800135cef6d: 25 tarefas geradas
[2026-04-09T10:11:15]   699f2aa210f9590013215cfc: 22 tarefas geradas
[2026-04-09T10:11:15]   69a02b25fc507800135d3bd3: 1 tarefas geradas
[2026-04-09T10:11:15]   69a0435446f1b600120eec2f: 23 tarefas geradas
[2026-04-09T10:11:15]   69a07c1e738ec900132a9bfd: 1 tarefas geradas
[2026-04-09T10:11:15]   69a07c1fe344ac00135c907e: 27 tarefas geradas
[2026-04-09T10:11:15]   69a19c4b7ac8c80013e360e1: 20 tarefas geradas
[2026-04-09T10:11:15]   69a589c5e344ac00135cecc6: 23 tarefas geradas
[2026-04-09T10:11:15]   69a5d01885c6ba0013e91d47: 29 tarefas geradas
[2026-04-09T10:11:15]   69a8812d22b1f60013518707: 17 tarefas geradas
[2026-04-09T10:11:15]   69aac1ccd537b40013ab1c27: 23 tarefas geradas
[2026-04-09T10:11:15]   69ab191ceef3be0013324da1: 20 tarefas geradas
[2026-04-09T10:11:15]   69b0722b4519e900135b07f9: 16 tarefas geradas
[2026-04-09T10:11:15]   69b159356fac13001319c488: 19 tarefas geradas
[2026-04-09T10:11:15]   69b1bd08c1e9ee0013779ffa: 30 tarefas geradas
[2026-04-09T10:11:15]   69b2f1112c298800128eafa1: 13 tarefas geradas
[2026-04-09T10:11:15]   69b3ffb54270ef0013147a6a: 19 tarefas geradas
[2026-04-09T10:11:15]   69b406bf6fac1300131a22fb: 3 tarefas geradas
[2026-04-09T10:11:15]   69b44bbf7314d6001379cf1c: 31 tarefas geradas
[2026-04-09T10:11:15]   69b47ac2e108b900136ad1fd: 4 tarefas geradas
[2026-04-09T10:11:15]   69b845174ddb450012bb9140: 23 tarefas geradas
[2026-04-09T10:11:15]   69bbe54c50d24b001394c612: 14 tarefas geradas
[2026-04-09T10:11:15]   69bd9ef06a28e60013c3eb61: 18 tarefas geradas
[2026-04-09T10:11:15]   69be9d49c1f67b0013e5fa4c: 22 tarefas geradas
[2026-04-09T10:11:15]   69c3dc5fdbc75500136ae2e6: 14 tarefas geradas
[2026-04-09T10:11:15]   69c4180505b6060013043db6: 1 tarefas geradas
[2026-04-09T10:11:15]   69c53bda89dd4d0013feab19: 21 tarefas geradas
[2026-04-09T10:11:15]   69c58224f2dd940013643f4d: 21 tarefas geradas
[2026-04-09T10:11:15]   69c674b5602e260013bbd14c: 21 tarefas geradas
[2026-04-09T10:11:15]   69c67bbe0da323001305d36e: 20 tarefas geradas
[2026-04-09T10:11:15]   69ca73c524b2440013ebe436: 26 tarefas geradas
[2026-04-09T10:11:15]   69caba140da323001306119a: 27 tarefas geradas
[2026-04-09T10:11:15]   69cbd3552282e200121d1659: 1 tarefas geradas
[2026-04-09T10:11:15]   69cc20acddea5b00135fdc45: 28 tarefas geradas
[2026-04-09T10:11:15]   69cd08ba5339450013b8fd72: 19 tarefas geradas
[2026-04-09T10:11:15]   69ce765eddea5b001360288d: 16 tarefas geradas
[2026-04-09T10:11:15]   69cebf017c8d0800136e9e57: 32 tarefas geradas
[2026-04-09T10:11:15] Consolidado: 3006 tarefas | Sem dono: 505 | Sem prazo: 2591

# tl;dv — Resumo de Tarefas Geradas
**Reuniões processadas:** 89
**Gerado em:** 09/04/2026 10:11

---

## Visão Geral (3006 tarefas)

| Prioridade | Qtd |
|---|---|
| 🔴 HIGH | 383 |
| 🟡 MEDIUM | 1712 |
| 🟢 LOW | 0 |

---

## 🔴 Críticas (HIGH + sem dono ou sem prazo)

- **[RISCO] Reunião de planning anual sem nenhum dado gravado — risco de decisões es**
  - ID: `T69565725-003` | Sem dono: True | Sem prazo: True
  - Área: Geral | Origem: [695657252ab9...](/2026-01-01)
- **[RISCO] Três cancelamentos de contas em dezembro por falta de retorno — processo**
  - ID: `T695bfc1e-023` | Sem dono: True | Sem prazo: True
  - Área: Geral | Origem: [695bfc1ee9b8...](/2026-01-05)
- **[RISCO] Pisano pediu demissão 22/12 mas comunicação só confirmada 02/01 — 10 dia**
  - ID: `T695bfc1e-024` | Sem dono: True | Sem prazo: True
  - Área: WS1 | Origem: [695bfc1ee9b8...](/2026-01-05)
- **Gustavo fazer mapa estratégico de Curitiba HOJE como modelo inicial. 同时, Ester i**
  - ID: `T695c2855-016` | Sem dono: False | Sem prazo: True
  - Área: Geral | Origem: [695c28556741...](/2026-01-05)
- **[RISCO] Sem Embaixador, audiência não cresce — é um loop que precisa ser quebrad**
  - ID: `T695c2855-020` | Sem dono: True | Sem prazo: True
  - Área: WS6 | Origem: [695c28556741...](/2026-01-05)
- **[RISCO] Time spreads too thin — fazendo várias praças ao mesmo tempo sem foco**
  - ID: `T695c2855-021` | Sem dono: True | Sem prazo: True
  - Área: WS3 | Origem: [695c28556741...](/2026-01-05)
- **Gustavo Torres preparar treinamento sobre suporte a corretores com dificuldades **
  - ID: `T695e4ac3-005` | Sem dono: False | Sem prazo: True
  - Área: WS1 | Origem: [695e4ac3e9b8...](/2026-01-07)
- **[RISCO] Mascam cancelou possivelmente por saída de SDR e falta de visibilidade —**
  - ID: `T695f91a6-020` | Sem dono: True | Sem prazo: True
  - Área: Geral | Origem: [695f91a68288...](/2026-01-08)
- **[RISCO] Saída de Wallace requer realinhamento estratégico — conhecimento pode se**
  - ID: `T695f91a6-021` | Sem dono: True | Sem prazo: True
  - Área: Geral | Origem: [695f91a68288...](/2026-01-08)
- **[RISCO] João com ansiedade de gestão de múltiplos projetos — risco de burnout**
  - ID: `T6960edbf-019` | Sem dono: True | Sem prazo: True
  - Área: Geral | Origem: [6960edbf427f...](/2026-01-09)

## ⚠️ Sem Dono (priorizar atribuição)

- 🔴 **[RISCO] Reunião de planning anual sem nenhum dado gravado — risco de decisões es**
  - `T69565725-003` | Geral | Tipo: OBSERVACAO
- 🔴 **[RISCO] Três cancelamentos de contas em dezembro por falta de retorno — processo**
  - `T695bfc1e-023` | Geral | Tipo: FOLLOW_UP
- 🔴 **[RISCO] Pisano pediu demissão 22/12 mas comunicação só confirmada 02/01 — 10 dia**
  - `T695bfc1e-024` | WS1 | Tipo: OBSERVACAO
- 🔴 **[RISCO] Sem Embaixador, audiência não cresce — é um loop que precisa ser quebrad**
  - `T695c2855-020` | WS6 | Tipo: OBSERVACAO
- 🔴 **[RISCO] Time spreads too thin — fazendo várias praças ao mesmo tempo sem foco**
  - `T695c2855-021` | WS3 | Tipo: OBSERVACAO
- 🔴 **[RISCO] Mascam cancelou possivelmente por saída de SDR e falta de visibilidade —**
  - `T695f91a6-020` | Geral | Tipo: OBSERVACAO
- 🔴 **[RISCO] Saída de Wallace requer realinhamento estratégico — conhecimento pode se**
  - `T695f91a6-021` | Geral | Tipo: OBSERVACAO
- 🔴 **[RISCO] João com ansiedade de gestão de múltiplos projetos — risco de burnout**
  - `T6960edbf-019` | Geral | Tipo: OBSERVACAO
- 🔴 **[RISCO] João sobrecarregado — 15 reuniões + atualizar cards + treinar Ester + li**
  - `T6964f069-025` | Geral | Tipo: OBSERVACAO
- 🔴 **[RISCO] CRM desorganizado — cards desatualizados, leads frios sem limpeza**
  - `T6964f069-026` | WS4 | Tipo: OBSERVACAO
- 🔴 **[RISCO] Processo CXDL não está claro — 'receita do bolo' ainda precisa ser desco**
  - `T6964f069-027` | WS2 | Tipo: OBSERVACAO
- 🔴 **[RISCO] Complexidade de gerenciar múltiplos cotistas com valores e prazos difere**
  - `T69652896-014` | Geral | Tipo: OBSERVACAO
- 🔴 **[RISCO] Jade está 'relaxada' e 'crua' — não sabe ler playbook. Risco de pipeline**
  - `T6966a43a-027` | Comercial | Tipo: OBSERVACAO
- 🔴 **[RISCO] 300+ currículos para triar — Gustavo vai perder muito tempo se fizer man**
  - `T6966a43a-028` | Geral | Tipo: OBSERVACAO
- 🔴 **[RISCO] Closer ainda não contratado — time está 'gargalado'**
  - `T6966a43a-029` | Gente | Tipo: OBSERVACAO

## ⚠️ Sem Prazo (definir urgência)

- 🔴 **Gustavo fazer mapa estratégico de Curitiba HOJE como modelo inicial. 同时, Ester i** @(Gustavo Torres + Ester)
  - `T695c2855-016` | Área: Geral
- 🔴 **Gustavo Torres preparar treinamento sobre suporte a corretores com dificuldades ** @(Gustavo Torres + Diego Diehl)
  - `T695e4ac3-005` | Área: WS1
- 🔴 **Empar enviar VGV total e prazo para Paulo Deitos. Paulo entregar estudo financei** @(Empar/Eduardo + Paulo Deitos + cotistas)
  - `T69652896-010` | Área: Financeiro
- 🔴 **Diego conectar José com sócios locais de Curitiba/Vitória ainda esta semana. Gus** @(Diego Diehl + Gustavo Torres + José Antônio Freitas)
  - `T696fc2ab-010` | Área: Geral
- 🔴 **Pedro assinar NBA 80M VGV NA QUARTA. 同时, Diego preparar pitch CRI/SCP para incor** @(Pedro Monte + Diego Diehl)
  - `T6971292d-013` | Área: Financeiro
- 🔴 **Diego apresentar estratégia Z2+Ouro HOJE e time produto finalizar integração (50** @(Diego Diehl + Time de Produto)
  - `T697214b6-010` | Área: Produto
- 🔴 **Gustavo compartilhar transcript ou notas desta reunião. Sem conteúdo, análise im** @(Gustavo Torres)
  - `T69722d66-001` | Área: Financeiro
- 🔴 **Gustavo compartilhar transcript ou notas desta reunião. Sem conteúdo, análise im** @(Gustavo Torres)
  - `T69728535-001` | Área: Financeiro
- 🔴 **Neno entregar copy validada HOJE. Gustavo iniciar teste com 5-7 incorporadoras J** @(Neno Andrade + Gustavo Torres)
  - `T697377d3-018` | Área: Geral
- 🔴 **Gustavo ou Diego registrar resultado do processo seletivo com Tamira — se foi ap** @(Gustavo Torres + Diego Diehl)
  - `T6977c7b7-001` | Área: Geral
- 🔴 **Diego confirmar o que foi decidido nesta reunião. Verificar se há gravação ou re** @(Diego Diehl)
  - `T697b4126-001` | Área: Geral
- 🔴 **Verificar com Gustavo Torres o resultado do processo seletivo com Fernanda. Se a** @(Gustavo Torres)
  - `T69837b24-001` | Área: Gente
- 🔴 **Gustavo registrar resultado da reunião com Elizangela — se foi triagem de proces** @(Gustavo Torres)
  - `T69849465-001` | Área: Geral
- 🔴 **Diego acionar Cesar sobre Torreão HOJE e agendar treinamento CS. 同时, Priscila en** @(Diego Diehl + Priscila)
  - `T6984c57b-010` | Área: WS1
- 🔴 **Diego ou Gustavo registrar resultado do processo seletivo de Keren Lays. Sem reg** @(Diego Diehl + Gustavo Torres)
  - `T6984e8ad-001` | Área: Geral

## 🗳️ Decisões Pendentes

- **Diego criar conta Z2 após aprovação**
  - Diego Diehl | Financeiro
- **Amanda vai conseguir aprovação do supervisor Gustavo para contratar Z2A?**
  - Amanda Rocha | Produto
- **Diego usar dívida Z2 (R$ 13k) como moeda de troca com Júnior HOJE. 동시에, aguardan**
  - Diego Diehl | Geral
- **Kaique apresentar proposta à gerente comercial para aprovação**
  - Kaique Carvalho | Geral
- **Kaique apresentar proposta à gerente comercial e obter aprovação**
  - Kaique Carvalho | Geral
- **Qual é o prazo para a Mune responder sobre a aprovação?**
  - Gustavo Torres | Geral
- **Evento de Curitiba 25/02 vai confirmar com 30 incorporadoras?**
  - Luiz Gustavo Zanella | WS5
- **Paulo estruturar segunda série de CRI (1-2 dias após aprovação)**
  - Paulo Deitos | Financeiro
- **André aprovar proposta no comitê. Sem aprovação, não avanzamos. 同时, Paulo prepar**
  - André Franklin + Paulo Deitos | WS1
- **Aguardar resultado IGSA de hoje (isenção tributária terrenistas). Diego testar a**
  - Luiz Gustavo Zanella + Diego Diehl + Marcelo Rodrigues | WS4

## 🔄 Follow-ups

- **Eduardo: cobrar Hudson (retorno)**
  - Eduardo Stringhini | Deadline: a definir
- **[RISCO] Três cancelamentos de contas em dezembro por falta de retorno — processo**
  - ? | Deadline: a definir
- **[RISCO] Recife pode não tracionar se não houver follow-up consistente**
  - ? | Deadline: a definir
- **Diego acompanhar Vitor Urbana (Caio)**
  - Diego Diehl | Deadline: a definir
- **Diego acompanhar Vitor Urbana (Caio reclamando de instabilidade)**
  - Diego Diehl | Deadline: a definir
- **Diego acompanhar rotinas sexta**
  - Diego Diehl | Deadline: 2026-01-17T00:00:00.000Z
- **Diego acompanhar rotinas de cada membro na sexta**
  - Diego Diehl | Deadline: 2026-01-17T00:00:00.000Z
- **João criar grupo WhatsApp HOJE com Ester, Gustavo e Diego. Sem grupo, comunicaçã**
  - João Vitor Portes da Silva | Deadline: 2026-01-13T00:00:00.000Z
- **Amanda verificar situação Rodrigo Italiano (BH)**
  - Amanda Rocha | Deadline: a definir
- **Verificar se Rodrigo Italiano (Somattos BH) está usando ferramenta**
  - Amanda Rocha | Deadline: a definir

## 🚧 Bloqueios Recorrentes

- (4x) Aguardando documentação
- (2x) Risco de cancelamento
- (2x) Saída de Wallace
- (2x) Possível problema sistêmico
- (2x) Falta informação da Empar
- (2x) Depende do estudo do Onix
- (2x) Volume alto de currículos
- (2x) Depende de demanda do time S10
- (2x) Aguardando documentos da Sala
- (2x) Aguardando info de Amanda

## 👤 Por Responsável

- **Diego Diehl**: 524 tarefas 🔴24 HIGH
- **_SEM_DONO_**: 505 tarefas 🔴193 HIGH
- **Gustavo Torres**: 243 tarefas 🔴24 HIGH
- **João Vitor Portes da Silva**: 164 tarefas 🔴6 HIGH
- **Luiz Gustavo Zanella**: 85 tarefas 🔴4 HIGH
- **Felipe Goettems**: 82 tarefas
- **Mayumi Takeda**: 70 tarefas
- **Paulo Deitos**: 60 tarefas 🔴4 HIGH
- **Marcelo Rodrigues**: 54 tarefas
- **Alejandro Olchik**: 52 tarefas
- **Ester Elisa de Souza Rodrigues**: 48 tarefas
- **Eduardo Stringhini**: 44 tarefas
- **Neno Andrade**: 32 tarefas
- **Pedro Ruza Kneip Navarro**: 32 tarefas 🔴2 HIGH
- **Guilherme**: 32 tarefas

*Gerado por Morfeu | 3006 tarefas de 89 reuniões*
[2026-04-09T10:11:15] Task generator finalizado. Processados: 89 | Total tarefas: 3006
