[2026-04-07 10:30:23] === ANALYZER RUNNER INICIADO ===
[2026-04-07 10:30:23] PID: 88460
[2026-04-07 10:30:23] Meetings pendentes: 128
[2026-04-07 10:30:23] [1/128] Processando 698334ce7d83e400138dc05b...
[2026-04-07 10:31:42]   -> OK
[2026-04-07 10:31:47] [2/128] Processando 698e071b1bcf5d0012a314f4...
[2026-04-07 10:32:49]   -> ERRO (rc=1):                                                                    ~^^^^^^^^^^^^^^
KeyError: 'confidence'
[2026-04-07 10:32:54] [3/128] Processando 69a07c1fe344ac00135c907e...
[2026-04-07 10:34:11]   -> ERRO (rc=1):                                                                    ~^^^^^^^^^^^^^^
KeyError: 'confidence'
[2026-04-07 10:34:16] [4/128] Processando 69bd3dc6afb4b00013f63364...
[2026-04-07 10:36:46]   -> ERRO (rc=1): RuntimeError: openclaw agent falhou (rc=1): Gateway agent failed; falling back to embedded: GatewayClientRequestError: LiveSessionModelSwitchError: Live session model switch requested: minimax/MiniMax-M2.7
[agent/embedded] workspace bootstrap f
[2026-04-07 10:36:51] [5/128] Processando 69a9d2aaf0f6080013cc814b...
[2026-04-07 10:38:49]   -> ERRO (rc=1): RuntimeError: openclaw agent falhou (rc=1): Gateway agent failed; falling back to embedded: GatewayClientRequestError: LiveSessionModelSwitchError: Live session model switch requested: minimax/MiniMax-M2.7
[agent/embedded] workspace bootstrap f
[2026-04-07 10:38:54] [6/128] Processando 6968cc27290b3e0013fc3d86...
[2026-04-07 10:39:24]   -> OK
[2026-04-07 10:39:29] [7/128] Processando 69736636913cb900132bd0eb...
[2026-04-07 10:40:40]   -> OK
[2026-04-07 10:40:45] [8/128] Processando 696c11393259e40013346e82...
[2026-04-07 10:41:30]   -> OK
[2026-04-07 10:41:35] [9/128] Processando 69b47ac2e108b900136ad1fd...
[2026-04-07 10:41:59]   -> OK
[2026-04-07 10:42:04] [10/128] Processando 697ca3cb6216b200139caad4...
[2026-04-07 10:43:07]   -> OK
[2026-04-07 10:43:12] [11/128] Processando 6965289899767e001343fd33...
[2026-04-07 10:44:14]   -> ERRO (rc=1): [ERR] 6965289899767e001343fd33: JSON parse error: Expecting ',' delimiter: line 1 column 11457 (char 11456)
Raw: {"meeting_id":"6965289899767e001343fd33","name":"Ester / João Vitor (Ação para corretores)","happened_at":"2026-01-12T17:00:00.000Z","analysis_version":"1.0","analysis_generated_at":"2026-04-07T12:07:00.000Z","executive_summary":"Onboarding de Ester para comunicação com corretores: João treinou Este
[2026-04-07 10:44:19] [12/128] Processando 695657252ab9160013645599...
[2026-04-07 10:44:42]   -> OK
[2026-04-07 10:44:47] [13/128] Processando 69be9d49c1f67b0013e5fa4c...
[2026-04-07 10:45:55]   -> OK
[2026-04-07 10:46:00] [14/128] Processando 698ddce91bcf5d0012a30d2c...
[2026-04-07 10:46:20]   -> OK
[2026-04-07 10:46:25] [15/128] Processando 697cbcd6697b570013ec88f3...
[2026-04-07 10:47:45]   -> OK
[2026-04-07 10:47:50] [16/128] Processando 695fe28f9bd84b0013b93906...
[2026-04-07 10:49:11]   -> ERRO (rc=1): [ERR] 695fe28f9bd84b0013b93906: JSON parse error: Expecting ',' delimiter: line 1 column 13963 (char 13962)
Raw: {"meeting_id":"695fe28f9bd84b0013b93906","name":"Luiz Gustavo / Diego","happened_at":"2026-01-08T17:00:00.000Z","analysis_version":"1.0","analysis_generated_at":"2026-04-07T12:07:00.000Z","executive_summary":"Sprint planejamento 45 dias definido por Diego+Luiz. 3 prioridades: (1) DL→Deal+ativação di
[2026-04-07 10:49:16] [17/128] Processando 696a75653f16fc001325454d...
[2026-04-07 10:51:46]   -> ERRO (rc=1): RuntimeError: openclaw agent falhou (rc=1): Gateway agent failed; falling back to embedded: GatewayClientRequestError: LiveSessionModelSwitchError: Live session model switch requested: minimax/MiniMax-M2.7
[agent/embedded] workspace bootstrap f
[2026-04-07 10:51:51] [18/128] Processando 6981f853f956630013246627...
[2026-04-07 10:52:19]   -> ERRO (rc=1): RuntimeError: openclaw agent falhou (rc=1): Gateway agent failed; falling back to embedded: GatewayClientRequestError: LiveSessionModelSwitchError: Live session model switch requested: minimax/MiniMax-M2.7
[agent/embedded] workspace bootstrap f
[2026-04-07 10:52:24] [19/128] Processando 69bae81cdbc75500136a1bba...
[2026-04-07 10:54:53]   -> ERRO (rc=1): RuntimeError: openclaw agent falhou (rc=1): Gateway agent failed; falling back to embedded: GatewayClientRequestError: LiveSessionModelSwitchError: Live session model switch requested: minimax/MiniMax-M2.7
[agent/embedded] workspace bootstrap f
[2026-04-07 10:54:58] [20/128] Processando 69c13943dbc75500136a8b94...
[2026-04-07 10:55:26]   -> ERRO (rc=1): RuntimeError: openclaw agent falhou (rc=1): Gateway agent failed; falling back to embedded: GatewayClientRequestError: LiveSessionModelSwitchError: Live session model switch requested: minimax/MiniMax-M2.7
[agent/embedded] workspace bootstrap f
[2026-04-07 10:55:26] ALERTA: 5 erros seguidos. Pausando 60s...
[2026-04-07 10:56:31] [21/128] Processando 6973b71e7f640c0013685039...
[2026-04-07 10:57:42]   -> OK
[2026-04-07 10:57:47] [22/128] Processando 69667a16e31f6c00137f2466...
[2026-04-07 11:00:20]   -> ERRO (rc=1): RuntimeError: openclaw agent falhou (rc=1): Gateway agent failed; falling back to embedded: GatewayClientRequestError: LiveSessionModelSwitchError: Live session model switch requested: minimax/MiniMax-M2.7
[agent/embedded] workspace bootstrap f
[2026-04-07 11:00:25] [23/128] Processando 69722d66a1068c0013a36938...
[2026-04-07 11:06:09]   -> OK
[2026-04-07 11:06:14] [24/128] Processando 6972853543e33a00133a3e06...
[2026-04-07 11:06:35]   -> OK
[2026-04-07 11:06:40] [25/128] Processando 698e3137ecdf0e00130126b6...
[2026-04-07 11:07:11]   -> OK
Ledger atualizado
[2026-04-07 11:07:11] Checkpoint salvo (25 processados)
[2026-04-07 11:07:16] [26/128] Processando 6970d3346d38bb00139bbcb1...
[2026-04-07 11:08:43]   -> OK
[2026-04-07 11:08:48] [27/128] Processando 69809fea697b570013ecbd63...
[2026-04-07 11:11:16]   -> ERRO (rc=1): RuntimeError: openclaw agent falhou (rc=1): Gateway agent failed; falling back to embedded: GatewayClientRequestError: LiveSessionModelSwitchError: Live session model switch requested: minimax/MiniMax-M2.7
[agent/embedded] workspace bootstrap f
[2026-04-07 11:11:21] [28/128] Processando 69aae4df857a4c001357028e...
[2026-04-07 11:11:48]   -> ERRO (rc=1): RuntimeError: openclaw agent falhou (rc=1): Gateway agent failed; falling back to embedded: GatewayClientRequestError: LiveSessionModelSwitchError: Live session model switch requested: minimax/MiniMax-M2.7
[agent/embedded] workspace bootstrap f
[2026-04-07 11:11:53] [29/128] Processando 6966a43a99bea20013efccec...
[2026-04-07 11:13:20]   -> OK
[2026-04-07 11:13:25] [30/128] Processando 69b1bd08c1e9ee0013779ffa...
[2026-04-07 11:14:57]   -> OK
[2026-04-07 11:15:02] [31/128] Processando 699de717fc507800135cebf6...
[2026-04-07 11:16:27]   -> OK
[2026-04-07 11:16:32] [32/128] Processando 69847ba69d3ddc0013455c21...
[2026-04-07 11:19:01]   -> ERRO (rc=1): RuntimeError: openclaw agent falhou (rc=1): Gateway agent failed; falling back to embedded: GatewayClientRequestError: LiveSessionModelSwitchError: Live session model switch requested: minimax/MiniMax-M2.7
[agent/embedded] workspace bootstrap f
[2026-04-07 11:19:06] [33/128] Processando 69c3ce3605b6060013042fc0...
[2026-04-07 11:19:34]   -> ERRO (rc=1): RuntimeError: openclaw agent falhou (rc=1): Gateway agent failed; falling back to embedded: GatewayClientRequestError: LiveSessionModelSwitchError: Live session model switch requested: minimax/MiniMax-M2.7
[agent/embedded] workspace bootstrap f
[2026-04-07 11:19:39] [34/128] Processando 69cc20acddea5b00135fdc45...
[2026-04-07 11:21:07]   -> OK
[2026-04-07 11:21:12] [35/128] Processando 695f91a6828894001391e6e0...
[2026-04-07 11:22:38]   -> OK
[2026-04-07 11:22:43] [36/128] Processando 69a589c5e344ac00135cecc6...
[2026-04-07 11:24:06]   -> OK
[2026-04-07 11:24:11] [37/128] Processando 698dcb4b834af3001393610e...
[2026-04-07 11:25:19]   -> OK
[2026-04-07 11:25:24] [38/128] Processando 6964f0693d76f900137fb719...
[2026-04-07 11:26:50]   -> OK
[2026-04-07 11:26:55] [39/128] Processando 69ca73c524b2440013ebe436...
[2026-04-07 11:28:26]   -> OK
[2026-04-07 11:28:31] [40/128] Processando 698b9011657ae90013b40ee1...
[2026-04-07 11:29:46]   -> OK
[2026-04-07 11:29:51] [41/128] Processando 696f8356ee25fd0013b6ac94...
[2026-04-07 11:31:03]   -> OK
[2026-04-07 11:31:08] [42/128] Processando 69c53bda89dd4d0013feab19...
[2026-04-07 11:36:50]   -> OK
[2026-04-07 11:36:55] [43/128] Processando 69ce765eddea5b001360288d...
[2026-04-07 11:38:06]   -> OK
[2026-04-07 11:38:11] [44/128] Processando 69b44bbf7314d6001379cf1c...
[2026-04-07 11:39:23]   -> OK
[2026-04-07 11:39:28] [45/128] Processando 69691d10290b3e0013fc4c42...
[2026-04-07 11:40:29]   -> OK
[2026-04-07 11:40:34] [46/128] Processando 697214b6e4d717001331f32f...
[2026-04-07 11:41:36]   -> OK
[2026-04-07 11:41:41] [47/128] Processando 69d3f49884d30500130092c2...
[2026-04-07 11:44:09]   -> ERRO (rc=1): RuntimeError: openclaw agent falhou (rc=1): Gateway agent failed; falling back to embedded: GatewayClientRequestError: LiveSessionModelSwitchError: Live session model switch requested: minimax/MiniMax-M2.7
[agent/embedded] workspace bootstrap f
[2026-04-07 11:44:14] [48/128] Processando 698c80c6b9aa07001375c17b...
[2026-04-07 11:44:41]   -> ERRO (rc=1): RuntimeError: openclaw agent falhou (rc=1): Gateway agent failed; falling back to embedded: GatewayClientRequestError: LiveSessionModelSwitchError: Live session model switch requested: minimax/MiniMax-M2.7
[agent/embedded] workspace bootstrap f
[2026-04-07 11:44:46] [49/128] Processando 69cebf017c8d0800136e9e57...
[2026-04-07 11:46:17]   -> OK
[2026-04-07 11:46:22] [50/128] Processando 6977c7b7764dcd0013dc6ea3...
[2026-04-07 11:46:43]   -> OK
Ledger atualizado
[2026-04-07 11:46:43] Checkpoint salvo (50 processados)
[2026-04-07 11:46:48] [51/128] Processando 69a02b25fc507800135d3bd3...
[2026-04-07 11:47:16]   -> OK
[2026-04-07 11:47:21] [52/128] Processando 696e712f500a210013c24a52...
[2026-04-07 11:48:35]   -> OK
[2026-04-07 11:48:40] [53/128] Processando 695c285567410d0013fd37f1...
[2026-04-07 11:49:46]   -> OK
[2026-04-07 11:49:51] [54/128] Processando 6984c57ba0c380001332dc21...
[2026-04-07 11:50:54]   -> OK
[2026-04-07 11:50:59] [55/128] Processando 6984a262c8ca580013150c28...
[2026-04-07 11:52:05]   -> OK
[2026-04-07 11:52:10] [56/128] Processando 698494656b8a0100138b0a95...
[2026-04-07 11:52:38]   -> OK
[2026-04-07 11:52:43] [57/128] Processando 697377d35355be00138a5614...
[2026-04-07 11:54:02]   -> OK
[2026-04-07 11:54:07] [58/128] Processando 6971292de4d717001331d562...
[2026-04-07 11:55:11]   -> OK
[2026-04-07 11:55:16] [59/128] Processando 69a5ec397ac8c80013e3a8c6...
[2026-04-07 12:01:19]   -> ERRO (rc=1):     raise TimeoutExpired(
subprocess.TimeoutExpired: Command '['openclaw', 'agent', '--agent', 'morfeu', '--message', 'Voce eh o Morfeu, assistente de gestao comercial da Orulo.\nAnalise reunioes de negocio com rigor executivo.\nTodo texto gerado deve ser em portugues brasileiro.\n\nRegras absolutas:\n- NUNCA invente nomes de pessoas, prazos ou dados nao presentes no input.\n- Se faltam dados, diga explicitamente e marque confidence como low.\n- Phrasing vamos, aprovado, decidido, concordamos -> confidence confirmed.\n- Phrasing eu acho que, seria o caso de -> confidence likely.\n- Phrasing eu sugeriria, seria interessante -> confidence uncertain.\n- max 300 caracteres no executive_summary.\n- IDs: D1, D2... para decisoes | O1, O2... para pendencias | T1, T2... para tarefas | Q1, Q2... para perguntas | R1, R2... para riscos | OP1, OP2... para oportunidades | DS1, DS2... para sugestoes doc | M1, M2... para memorias.\n- owners: usar nome da pessoa quando mencionada em contexto de acao.\n\nAnalise a reuniao abaixo e retorne exatamente o JSON descrito abaixo (sem markdown, sem Explanation, apenas o JSON puro).\n\n## Estrutura JSON obrigatoria:\n\n{\n  "meeting_id": "string",\n  "name": "string",\n  "happened_at": "ISO8601",\n  "analysis_version": "1.0",\n  "analysis_generated_at": "ISO8601",\n  "executive_summary": "string (max 300 chars) - o que importa saber em 30 segundos",\n  "context": {\n    "purpose": "string - por que a reuniao aconteceu",\n    "main_agenda_items": ["array de strings"],\n    "participants_and_roles": { "name": "papel percebido na reuniao" },\n    "meeting_type": "directive|review|strategy|operational|cadence|one_on_one|client|partner|internal",\n    "notes_limitation": "string|null - se transcript ausente, explicar impacto na analise"\n  },\n  "decisions": [\n    {\n      "id": "D1",\n      "description": "string",\n      "decision_maker": "string|null",\n      "confidence": "confirmed|likely|uncertain",\n      "source": "transcript|notes|both"\n    }\n  ],\n  "open_items": [\n    {\n      "id": "O1",\n      "description": "string",\n      "owner": "string|null",\n      "deadline": "ISO8601|null",\n      "status": "open|blocked|pending_response",\n      "source": "transcript|notes|both",\n      "blocking_factor": "string|null"\n    }\n  ],\n  "tasks": [\n    {\n      "id": "T1",\n      "description": "string",\n      "owner": "string|null",\n      "deadline": "string|null",\n      "priority": "high|medium|low",\n      "status": "generated|assigned|confirmed",\n      "source": "transcript|notes|both"\n    }\n  ],\n  "critical_questions": [\n    {\n      "id": "Q1",\n      "question": "string",\n      "context": "string - por que esta pergunta eh relevante",\n      "answer_required_by": "string|null",\n      "owner": "string|null"\n    }\n  ],\n  "risks_and_alerts": [\n    {\n      "id": "R1",\n      "description": "string",\n      "type": "operational|financial|relationship|strategic|compliance",\n      "severity": "high|medium|low",\n      "mitigation": "string|null",\n      "source": "transcript|notes|both"\n    }\n  ],\n  "opportunities": [\n    {\n      "id": "OP1",\n      "description": "string",\n      "potential_impact": "high|medium|low",\n      "owner": "string|null",\n      "source": "transcript|notes|both"\n    }\n  ],\n  "documentary_suggestions": [\n    {\n      "id": "DS1",\n      "action": "string - o que registrar",\n      "destination": "string - arquivo ou sistema destino",\n      "priority": "high|medium|low",\n      "reason": "string"\n    }\n  ],\n  "memories_to_register": [\n    {\n      "id": "M1",\n      "memory": "string - fato ou contexto a registrar na memoria",\n      "category": "person|project|process|decision|preference|relationship|lesson",\n      "confidence": "high|medium|low"\n    }\n  ],\n  "recommended_next_step": {\n    "action": "string",\n    "owner": "string|null",\n    "deadline": "string|null",\n    "reason": "string - por que este eh o proximo passo mais importante"\n  },\n  "analysis_confidence": {\n    "transcript_available": true|false,\n    "notes_available": true|false,\n    "topics_available": true|false,\n    "overall": "high|medium|low",\n    "gaps": ["string - o que nao foi possivel analisar"]\n  },\n  "raw_topics_from_tldv": ["array - topics que o tldv IA extraiu"]\n}\n\n## Dados da reuniao:\n\n**ID:** 69a5ec397ac8c80013e3a8c6\n**Nome:** Órulo & 5A\n**Data:** 2026-03-02T20:00:00.000Z\n**Duracao (minutos):** 71.8\n**Organizador:** Diego Diehl\n**Participantes:** Alejandro Olchik, Eduardo Stringhini, Felipe Goettems, Diego Diehl, , Vanessa Medeiros, , , \n\n**TOPICOS (tldv AI):**\n- [1] Itens de Ação: \n- [2] Desafios de Integração e Qualidade de Dados: \n- [3] Proposta de Integração com Órgão: \n- [4] Modelo de Negócio e Monetização: \n- [5] Estrutura de Dados e Acesso: \n- [6] Fluxo de Autenticação: \n- [7] Estratégia de Piloto: \n- [8] Rastreamento de Transações e Bypass: \n- [9] Inventário e Cobertura: \n- [10] Qualidade de Anúncios e Liquidez: \n- [11] Integração com Sistemas de Incorporadoras: \n- [12] Interface de Devolução de Dados: \n\n**NOTAS ESTRUTURADAS:**\n- 430s: Marcus relata perda significativa de leads de imóveis no processo de integração com CRM\n- 445s: Equipe busca canais alternativos de integração para melhorar resultados\n- 452s: Marcus propõe integração com Órgão para acessar rede de imobiliárias com exclusividades\n- 466s: Nem todos os parceiros têm geração de leads habilitada nas operações\n- 495s: Parceiros geram mil imóveis mas apenas 300 a 400 chegam efetivamente no sistema\n- 800s: Alejandro sugere que Órgão pode oferecer solução mais completa que parceiro atual\n- 843s: Órgão não armazena dados de contato, mantendo informações sensíveis apenas com imobiliária\n- 909s: Quinto Andar tem modelo de monetização por volume de imóveis divulgados\n- 940s: Órgão possui aproximadamente 50 CRMs integrados em sua plataforma\n- 1322s: Quinto Andar possui 200 mil imóveis listados para compra e venda\n- 1328s: Quinto Andar também possui 200 mil imóveis listados para aluguel\n- 1331s: 40 mil imóveis estão marcados como exclusivos pelo proprietário\n- 1336s: João relata recuperação de 30 milhões de reais em bypass identificado em 2024\n- 1762s: João sugere priorizar imóveis com score mais alto de qualidade para teste inicial\n- 1793s: Receita de bypass é redistribuída entre Quinto Andar, corretor e imobiliária parceira\n- 1876s: Quinto Andar monitora e identifica casos de bypass independente de marcação de exclusividade\n- 1911s: Piloto pode testar se imóveis empacados há tempo conseguem ganhar liquidez\n- 1932s: Órgão opera com menos de 10 mil imóveis devido ao modelo de exclusividades\n- 2433s: Órgão distribui catálogo gratuitamente para imobiliárias e cobra por volume de empreendimentos\n- 2477s: Corretores sinalizam imóveis não exclusivos como antecipação de potencial bypass\n- 2649s: Bruna propõe dois níveis de acesso: dados públicos e dados com autenticação\n- 2698s: Nível 1 inclui informações básicas, imagens e vídeos para público geral\n- 2884s: Dados podem ser segmentados por liquidez, região ou tipo conforme necessário\n- 3010s: Alejandro propõe autenticação cruzada entre contas Quinto Andar e Órgão\n- 3042s: Corretor faz login uma única vez e token é reutilizado para acesso contínuo\n- 3064s: João sugere pilotar com fluxo existente para validar funcionamento antes de investimento técnico\n- 3125s: Dados de contato, arquivos e promoções requerem autenticação para acesso\n- 3185s: Incorporadora recebe informações do corretor que acessa empreendimento\n- 3210s: Compartilhamento de dados de contato segue política de LGPD e preferências do usuário\n- 3358s: Piloto será realizado com 10 incorporadoras em São Paulo\n- 3372s: Incorporadoras demonstram interesse em lançamento do produto\n- 3388s: Preocupações com bypass serão endereçadas em fase posterior do projeto\n- 3419s: Bruna alinhar com Gola sobre implementação de autenticação no fluxo\n- 3470s: Custo padrão é 10 a 50 reais por empreendimento mensal\n- 3492s: Bruna retornar com resposta e perguntas adicionais amanhã de manhã\n- 3563s: Marcus enviar lista de dados utilizados dos CRMs das imobiliárias para Alejandro avaliar cobertura\n- 3585s: João enviar sugestão de modelo de remuneração para o piloto\n- 3593s: Bruna avançar com formato de parceria existente para acesso ao estoque\n- 3645s: Bruna fazer depara entre dados disponíveis e experiência mínima desejada\n- 3729s: Algumas incorporadoras estão integradas em tempo real com Órgão\n- 3742s: Outras incorporadoras fornecem dados manualmente que são atualizados periodicamente\n- 3860s: Órgão pode notificar quando unidade é reservada ou vendida via webhook\n- 3960s: Integração com sistemas de incorporadoras será considerada na segunda fase do projeto\n- 4021s: Bruna ainda debate se haverá interface para incorporadoras no piloto\n- 4047s: Feedback para incorporadoras pode ser em formato PDF, dashboard ou interface\n- 4090s: Órgão já desenvolveu mais da metade do necessário para interface de devolução\n- 4102s: Bruna enviar lista de incorporadoras e empreendimentos para precificação\n\n**TRANSCRIPT (resumo - 7201 palavras estimadas):**\n[Marcus Bianchini] mais o Core aí com vocês que é o mercado primário. Mas enfim Prazer. Só vocês terem uma referência de quem eu sou e que eu tô responsável aqui no quinto andar. [Eduardo Stringhini] Só para dar um pouquinho mais de contexto que o Marcos falou É da última [Alejandro Olchik] Prazer Marcos. [Joao Paulo Silveira Moreira] estoque exclusivo. Então tem um subset de imobiliárias, que que trabalham com a orla ali e tem e Tem estoque relevante então Imagine que você tem algumas integrações com CRM. Mas esse é o contexto ali do em alguma das conversas internas aqui surgiu essa terceira possibilidade. [Alejandro Olchik] pegar o que mais o que que vocês estão que problema vocês querem resolver com essas integrações, eu acho que ficaria mais fácil a gente se posicionar se entendendo um pouquinho de dificuldade com [Marcus Bianchini] boa eu ajudo vocês a entender um pouquinho do onde estamos e O que estamos fazendo né hoje a gente. O desafio então é integral obviamente o estoque das imobiliárias que querem fazer parte do Market Place. num formato desejável foi uma desejável eu digo dentro de um mínimo de completude de padrão de informações [Alejandro Olchik] Da imobiliária para vocês o caminho da imobiliária. [Marcus Bianchini] muito porque você já estavam conversando aqui com o João com a Bruna do caraca. A hora não tem um produto nesse sentido que parece que ela está inteirada com diversos RMS, para que vocês consigam suportar ali essa rede de Network de móveis exclusivos que estão operando no ouro. E aí eu falei bom legal contatei aqui o a turma João a Bruna e falei pô, vocês tem alguma um contato ali com a hora? Porque eu quero entrar na conversa se possível para trazer um pouco desse nosso desafio. [Marcus Bianchini] De tentar ali, talvez ver essa energia com que vocês têm que integração com esse crms dado nosso plano aí de crescer. praticamente 10 vezes o Marketplace em parceiros e inventaram Nos próximos dois anos contando com esse ano. e isso Eles operam hoje boa parte do inventário. [Alejandro Olchik] Qual é o problema e quais os problemas de qualidade que você tem? [Marcus Bianchini] Cara a gente para algumas investigações específicas que a gente foi fazer junto com o cliente junto com a própria piconatos. A gente perde muito Lead no meio do caminho quando eu falo Lídia de imóvel. A gente tem enrolado um slais tenso para caramba com novo CRM. Para que a gente consiga fechar a integração e passar a receber as informações. [Marcus Bianchini] E a gente na verdade está tentando buscar mais canais outras formas de integrar porque a gente entende que vai engalar em algum momento já está enganando hoje. Ter só ico. Então é esse é o motivo assim principal. Nas operações de que o parceiro tenham a geração de Lead habilitada nem todos eles têm a gente também joga o livro de volta para o CRM. [Alejandro Olchik] E aí é que tem a pedra. [Marcus Bianchini] A perda no nosso vídeo para o CRM não a perda tá acontecendo mais do líder de imóvel é que a turma de lide, né? O imóvel que vem para cá, então vamos lá fecha a parceria com contigo. Você fala vou te disparar mil Imóveis. Quando eu vou olhar chega a 300 chega a 400, aí eu vou falar contigo você fala pô, mas eu já gerei o sei lá XML para iconatos com os meus mil Imóveis, aí eu vou lá bato nele conatos não mas não tem mil. [Marcus Bianchini] Então tem um meio do caminho que não tá tão trivial. E que a gente está buscando formas de mudar para ver se a gente tem resultados melhores. [Alejandro Olchik] vocês querem resolver a gente pode gerar uma trade específica e eu vejo né? Talvez quase o CRM que vocês têm porque o nosso padrão é bem simples, né? A gente pega na verdade o padrão. De obrigação ler os imóveis, né? Mantém isso atualizado e a gente tem um processo também interno de curadoria, né? Tem coisa automática tem coisa cunhada, mas é dentro de uma carteira que ela é não é tão volumosa assim, né? Porque como você opera com exclusividades, a gente tá falando de menos de 10 mil Imóveis, né? Não algo assim então de tanto volume, né, então [Marcus Bianchini] É hoje, a gente está circulando de novos anúncios de novos Imóveis [Alejandro Olchik] Imagino que com a integração que vocês têm hoje deve ter um volume bem mais elevado, né de De imóveis Que você estão circulando. [Marcus Bianchini] Em como que quem tá nessa rede interna de vocês compartilha essas informações o que o modelo? De larga escala que eu tô imaginando aqui. [Alejandro Olchik] O que a única coisa assim que eu acho que faria sentido a gente evoluindo é que a gente acaba tendo um portfólio maior para o CRM sendo ponto de vista de modelo de integração porque a gente entrega o catálogo também, né um catálogo que o CRM consegue oferecer para Imobiliária, então do ponto de vista de solução para crms. [Alejandro Olchik] Eu acho que a gente consegue ser mais completo que o parceiro que vocês utilizam assim como o modelo evolutivo, né? Então daqui a pouco para frente até pode pode fazer sentido porque enfim a gente consegue daqui a pouco mobilizar mais o CRM do que alguém que só tá pegando os imóveis jogando para outro lugar. [Marcus Bianchini] pra gente ele é crucial para as coisas acontecerem. [Alejandro Olchik] Olha a gente eu acho que alguns casos da Integração. Até fica disponível. Mas a gente não armazena e não leva adiante porque o contato no nosso caso é [Marcus Bianchini] É sensível. [Alejandro Olchik] ele fica sempre sendo a próprio Imobiliária, então o dado que eventualmente nos casos que vem a gente meio que nem armazena não não trata, né? É claro é zero problema para a gente pegar se no contrato preço por isso mas para a gente hoje em dia não faz tanto sentido. [Marcus Bianchini] Não perfeito a gente abre. Então essa trade cara. A gente está no WhatsApp [Alejandro Olchik] a gente pega uma exclusividade e coloca o dado de contato da própria Imobiliária, para que uma possa comercializar com ela fazer parceria com outra então acho que [Marcus Bianchini] também. Eu posso abrir um grupo separado se facilitar e aí a gente vai trocando umas figurinhas também sobre o tema. Não tenho pressa nenhuma avançar com ele hoje tá era mais para a gente se conhecer mesmo aqui o seu objetivo e abrir essa porta com vocês. [Alejandro Olchik] fechado [Marcus Bianchini] valeu [Eduardo Stringhini] Só complementando aí pessoal, o hoje a gente tem essas integrações e os convidados porque a gente tem um modelo de monetização por imóvel, né no caso, ele é imobiliária. Divulga sei lá sem exclusividades comigo, a gente tem uma monetização em cima do número de imóveis que ela tá. Então, a gente também nem saberia, como é que é hoje o modelo de vocês em termos de volume, né? Como é que poderia? Porque como Alejandro falou é bem trabalhoso assim, né essa relação com os sistemas aí. [Eduardo Stringhini] A gente tem hoje. Quantos sistemas integrados são mais de 50 e pouco? [Alejandro Olchik] É na faixa dos 50. [Eduardo Stringhini] É uma dificuldade. [Marcus Bianchini] E essa sinergia que eu enxergo o Eduardo essa integração que vocês têm com esses fases praticamente 50 CRM. O quanto que a gente pode aproveitar dela para conseguir alavancar essa importação de Supply a partir de vocês no Market Place? Mas é isso assim obviamente que o desafio aqui é explicar para vocês um detalhe. [Marcus Bianchini] E obviamente que a gente faria tudo isso com os termos certinhos ali entre nós vocês e os clientes de vocês que queiram. Aderir ao Marketplace, isso é tudo bem amarradinho e tal para não ter problema com lgpd vazamento de dados tudo. Tudo padrãozinho bem delicado aqui do quinto andar para não dar errado, mas obviamente para isso a gente tem que primeiro ver se faz sentido para vocês. [Joao Paulo Silveira Moreira] Já puxa aí diminuiu o potencial. [Marcus Bianchini] Entendido que vocês apesar de estarem trazendo o exclusividade daquilo que quer ser compartilhado com a rede de vocês para o órgão. Ainda assim sem integra no catálogo completo do parceiro no CRM que ele tiver util\n\nRetorne SOMENTE o JSON.', '--timeout', '90']' timed out after 120 seconds
[2026-04-07 12:01:24] [60/128] Processando 6980e28ee1a16800131fd261...
[2026-04-07 12:04:07]   -> OK
[2026-04-07 12:04:12] [61/128] Processando 69c4180505b6060013043db6...
[2026-04-07 12:04:30]   -> OK
[2026-04-07 12:04:35] [62/128] Processando 69bd9ef06a28e60013c3eb61...
[2026-04-07 12:05:30]   -> OK
[2026-04-07 12:05:35] [63/128] Processando 69a07c1e738ec900132a9bfd...
[2026-04-07 12:05:50]   -> OK
[2026-04-07 12:05:55] [64/128] Processando 6984e8ad922a6d0013ac6d63...
[2026-04-07 12:06:13]   -> OK
[2026-04-07 12:06:18] [65/128] Processando 69a19c4b7ac8c80013e360e1...
[2026-04-07 12:07:26]   -> OK
[2026-04-07 12:07:31] [66/128] Processando 699df8a5fc507800135cef6d...
[2026-04-07 12:08:48]   -> ERRO (rc=1):                                                                    ~^^^^^^^^^^^^^^
KeyError: 'confidence'
[2026-04-07 12:08:53] [67/128] Processando 69c3dc5fdbc75500136ae2e6...
[2026-04-07 12:10:04]   -> OK
[2026-04-07 12:10:09] [68/128] Processando 69b2f1112c298800128eafa1...
[2026-04-07 12:11:15]   -> OK
[2026-04-07 12:11:20] [69/128] Processando 6989ef6383febd0013d31918...
[2026-04-07 12:12:43]   -> OK
[2026-04-07 12:12:48] [70/128] Processando 6985061136b8e30013d65fb4...
[2026-04-07 12:15:16]   -> ERRO (rc=1): RuntimeError: openclaw agent falhou (rc=1): Gateway agent failed; falling back to embedded: GatewayClientRequestError: LiveSessionModelSwitchError: Live session model switch requested: minimax/MiniMax-M2.7
[agent/embedded] workspace bootstrap f
[2026-04-07 12:15:21] [71/128] Processando 69a81eb55d91c700121d4be0...
[2026-04-07 12:15:48]   -> ERRO (rc=1): RuntimeError: openclaw agent falhou (rc=1): Gateway agent failed; falling back to embedded: GatewayClientRequestError: LiveSessionModelSwitchError: Live session model switch requested: minimax/MiniMax-M2.7
[agent/embedded] workspace bootstrap f
[2026-04-07 12:15:53] [72/128] Processando 696536ad0245ea00136ccf52...
[2026-04-07 12:18:21]   -> ERRO (rc=1): RuntimeError: openclaw agent falhou (rc=1): Gateway agent failed; falling back to embedded: GatewayClientRequestError: LiveSessionModelSwitchError: Live session model switch requested: minimax/MiniMax-M2.7
[agent/embedded] workspace bootstrap f
[2026-04-07 12:18:26] [73/128] Processando 69b45ea101fdb30013db761e...
[2026-04-07 12:20:54]   -> ERRO (rc=1): RuntimeError: openclaw agent falhou (rc=1): Gateway agent failed; falling back to embedded: GatewayClientRequestError: LiveSessionModelSwitchError: Live session model switch requested: minimax/MiniMax-M2.7
[agent/embedded] workspace bootstrap f
[2026-04-07 12:20:59] [74/128] Processando 699f318dfc507800135d1c02...
[2026-04-07 12:21:45]   -> ERRO (rc=1): [agents/model-providers] [xai-auth] bootstrap config fallback: no config-backed key found
{"meeting_id":"699f318dfc507800135d1c02","name":"Treinamento Ativação","happened_at":"2026-02-25T17:30:00.000Z","analysi
[2026-04-07 12:21:45] ALERTA: 5 erros seguidos. Pausando 60s...
[2026-04-07 12:22:50] [75/128] Processando 698cb58fecdf0e001300edbc...
[2026-04-07 12:24:08]   -> OK
Ledger atualizado
[2026-04-07 12:24:08] Checkpoint salvo (75 processados)
[2026-04-07 12:24:13] [76/128] Processando 69b2b4393538e30013b2ccb7...
[2026-04-07 12:26:41]   -> ERRO (rc=1): RuntimeError: openclaw agent falhou (rc=1): Gateway agent failed; falling back to embedded: GatewayClientRequestError: LiveSessionModelSwitchError: Live session model switch requested: minimax/MiniMax-M2.7
[agent/embedded] workspace bootstrap f
[2026-04-07 12:26:46] [77/128] Processando 69cd6b2b2282e200121d4d74...
[2026-04-07 12:29:15]   -> ERRO (rc=1): RuntimeError: openclaw agent falhou (rc=1): Gateway agent failed; falling back to embedded: GatewayClientRequestError: LiveSessionModelSwitchError: Live session model switch requested: minimax/MiniMax-M2.7
[agent/embedded] workspace bootstrap f
[2026-04-07 12:29:20] [78/128] Processando 697b9217c887aa0013210f6a...
[2026-04-07 12:30:32]   -> ERRO (rc=1): [agents/model-providers] [xai-auth] bootstrap config fallback: no config-backed key found
{"meeting_id":"697b9217c887aa0013210f6a","name":"Eficiência Tributária Incorporação","happened_at":"2026-01-29T17:00:00.
[2026-04-07 12:30:37] [79/128] Processando 69837b247d83e400138dcef6...
[2026-04-07 12:31:15]   -> OK
[2026-04-07 12:31:20] [80/128] Processando 69c298dd15faad0013d45c40...
[2026-04-07 12:33:48]   -> ERRO (rc=1): RuntimeError: openclaw agent falhou (rc=1): Gateway agent failed; falling back to embedded: GatewayClientRequestError: LiveSessionModelSwitchError: Live session model switch requested: minimax/MiniMax-M2.7
[agent/embedded] workspace bootstrap f
[2026-04-07 12:33:53] [81/128] Processando 69b3ffb54270ef0013147a6a...
[2026-04-07 12:35:13]   -> OK
[2026-04-07 12:35:18] [82/128] Processando 6970fca1e50d0f00124950b1...
[2026-04-07 12:36:35]   -> OK
[2026-04-07 12:36:40] [83/128] Processando 698f6d9bacd46d001342c98e...
[2026-04-07 12:38:06]   -> OK
[2026-04-07 12:38:11] [84/128] Processando 696528960245ea00136ccc1d...
[2026-04-07 12:39:33]   -> OK
[2026-04-07 12:39:38] [85/128] Processando 69615e3be425e20013db81ba...
[2026-04-07 12:42:06]   -> ERRO (rc=1): RuntimeError: openclaw agent falhou (rc=1): Gateway agent failed; falling back to embedded: GatewayClientRequestError: LiveSessionModelSwitchError: Live session model switch requested: minimax/MiniMax-M2.7
[agent/embedded] workspace bootstrap f
[2026-04-07 12:42:11] [86/128] Processando 69a18ab585c6ba0013e8d6c6...
[2026-04-07 12:44:39]   -> ERRO (rc=1): RuntimeError: openclaw agent falhou (rc=1): Gateway agent failed; falling back to embedded: GatewayClientRequestError: LiveSessionModelSwitchError: Live session model switch requested: minimax/MiniMax-M2.7
[agent/embedded] workspace bootstrap f
[2026-04-07 12:44:44] [87/128] Processando 69b2ff1b4270ef0013145bcb...
[2026-04-07 12:47:12]   -> ERRO (rc=1): RuntimeError: openclaw agent falhou (rc=1): Gateway agent failed; falling back to embedded: GatewayClientRequestError: LiveSessionModelSwitchError: Live session model switch requested: minimax/MiniMax-M2.7
[agent/embedded] workspace bootstrap f
[2026-04-07 12:47:17] [88/128] Processando 698e18950cbc590013cbce4d...
[2026-04-07 12:47:44]   -> ERRO (rc=1): RuntimeError: openclaw agent falhou (rc=1): Gateway agent failed; falling back to embedded: GatewayClientRequestError: LiveSessionModelSwitchError: Live session model switch requested: minimax/MiniMax-M2.7
[agent/embedded] workspace bootstrap f
[2026-04-07 12:47:49] [89/128] Processando 695e8cb1aa480d00134aa7cf...
[2026-04-07 12:48:16]   -> ERRO (rc=1): RuntimeError: openclaw agent falhou (rc=1): Gateway agent failed; falling back to embedded: GatewayClientRequestError: LiveSessionModelSwitchError: Live session model switch requested: minimax/MiniMax-M2.7
[agent/embedded] workspace bootstrap f
[2026-04-07 12:48:16] ALERTA: 5 erros seguidos. Pausando 60s...
[2026-04-07 12:49:21] [90/128] Processando 69a9c49bd537b40013aafd3e...
[2026-04-07 12:49:48]   -> ERRO (rc=1): RuntimeError: openclaw agent falhou (rc=1): Gateway agent failed; falling back to embedded: GatewayClientRequestError: LiveSessionModelSwitchError: Live session model switch requested: minimax/MiniMax-M2.7
[agent/embedded] workspace bootstrap f
[2026-04-07 12:49:53] [91/128] Processando 69b7fec44270ef001314af77...
[2026-04-07 12:50:21]   -> ERRO (rc=1): RuntimeError: openclaw agent falhou (rc=1): Gateway agent failed; falling back to embedded: GatewayClientRequestError: LiveSessionModelSwitchError: Live session model switch requested: minimax/MiniMax-M2.7
[agent/embedded] workspace bootstrap f
[2026-04-07 12:50:26] [92/128] Processando 697206a67500600013b7aa8f...
[2026-04-07 12:50:53]   -> ERRO (rc=1): RuntimeError: openclaw agent falhou (rc=1): Gateway agent failed; falling back to embedded: GatewayClientRequestError: LiveSessionModelSwitchError: Live session model switch requested: minimax/MiniMax-M2.7
[agent/embedded] workspace bootstrap f
[2026-04-07 12:50:58] [93/128] Processando 69ab0b85d537b40013ab28ef...
[2026-04-07 12:51:26]   -> ERRO (rc=1): RuntimeError: openclaw agent falhou (rc=1): Gateway agent failed; falling back to embedded: GatewayClientRequestError: LiveSessionModelSwitchError: Live session model switch requested: minimax/MiniMax-M2.7
[agent/embedded] workspace bootstrap f
[2026-04-07 12:51:31] [94/128] Processando 696a2bb639bb030013ac8fcf...
[2026-04-07 12:51:58]   -> ERRO (rc=1): RuntimeError: openclaw agent falhou (rc=1): Gateway agent failed; falling back to embedded: GatewayClientRequestError: LiveSessionModelSwitchError: Live session model switch requested: minimax/MiniMax-M2.7
[agent/embedded] workspace bootstrap f
[2026-04-07 12:51:58] ALERTA: 5 erros seguidos. Pausando 60s...
[2026-04-07 12:53:03] [95/128] Processando 69aac1ccd537b40013ab1c27...
[2026-04-07 12:54:07]   -> OK
[2026-04-07 12:54:12] [96/128] Processando 697b41262238f70013485bfe...
[2026-04-07 12:54:35]   -> OK
[2026-04-07 12:54:40] [97/128] Processando 698245a97d83e400138da2fc...
[2026-04-07 12:56:02]   -> ERRO (rc=1): [ERR] 698245a97d83e400138da2fc: JSON parse error: Expecting ',' delimiter: line 1 column 12877 (char 12876)
Raw: {"meeting_id":"698245a97d83e400138da2fc","name":"Diretoria: Alinhamento Semanal","happened_at":"2026-02-03T19:00:00.000Z","analysis_version":"1.0","analysis_generated_at":"2026-04-07T15:54:00.000Z","executive_summary":"Diretoria 03/02: 70% das 3.600 integrazões inativas (1.200 ativas). Felipe curado
[2026-04-07 12:56:07] [98/128] Processando 6970bfcbe50d0f0012494508...
[2026-04-07 12:56:57]   -> OK
[2026-04-07 12:57:02] [99/128] Processando 699c4f44e344ac00135beff1...
[2026-04-07 12:58:24]   -> OK
[2026-04-07 12:58:29] [100/128] Processando 699f2aa210f9590013215cfc...
[2026-04-07 12:59:33]   -> OK
Ledger atualizado
[2026-04-07 12:59:33] Checkpoint salvo (100 processados)
[2026-04-07 12:59:38] [101/128] Processando 69cd08ba5339450013b8fd72...
[2026-04-07 13:00:44]   -> OK
[2026-04-07 13:00:49] [102/128] Processando 69b406bf6fac1300131a22fb...
[2026-04-07 13:01:16]   -> OK
[2026-04-07 13:01:21] [103/128] Processando 698c6f356979ef0013b83ce5...
[2026-04-07 13:02:51]   -> OK
[2026-04-07 13:02:56] [104/128] Processando 69aec4443eb59a0013ad25b6...
[2026-04-07 13:05:24]   -> ERRO (rc=1): RuntimeError: openclaw agent falhou (rc=1): Gateway agent failed; falling back to embedded: GatewayClientRequestError: LiveSessionModelSwitchError: Live session model switch requested: minimax/MiniMax-M2.7
[agent/embedded] workspace bootstrap f
[2026-04-07 13:05:29] [105/128] Processando 695e6dde1472f50013120335...
[2026-04-07 13:05:56]   -> ERRO (rc=1): RuntimeError: openclaw agent falhou (rc=1): Gateway agent failed; falling back to embedded: GatewayClientRequestError: LiveSessionModelSwitchError: Live session model switch requested: minimax/MiniMax-M2.7
[agent/embedded] workspace bootstrap f
[2026-04-07 13:06:01] [106/128] Processando 696fc2aba1068c0013a3116d...
[2026-04-07 13:07:06]   -> OK
[2026-04-07 13:07:11] [107/128] Processando 6968f2f67ab7870013a596e4...
[2026-04-07 13:08:04]   -> OK
[2026-04-07 13:08:09] [108/128] Processando 6960edbf427f08001307f913...
[2026-04-07 13:09:07]   -> OK
[2026-04-07 13:09:12] [109/128] Processando 695bfc1ee9b88d0013912e2b...
[2026-04-07 13:10:15]   -> OK
[2026-04-07 13:10:20] [110/128] Processando 69c674b5602e260013bbd14c...
[2026-04-07 13:11:23]   -> OK
[2026-04-07 13:11:28] [111/128] Processando 695e4ac3e9b88d00139173a0...
[2026-04-07 13:12:21]   -> OK
[2026-04-07 13:12:26] [112/128] Processando 69bbe54c50d24b001394c612...
[2026-04-07 13:13:27]   -> OK
[2026-04-07 13:13:32] [113/128] Processando 696e86835d8e03001373f53a...
[2026-04-07 13:19:35]   -> ERRO (rc=1):     raise TimeoutExpired(
subprocess.TimeoutExpired: Command '['openclaw', 'agent', '--agent', 'morfeu', '--message', 'Voce eh o Morfeu, assistente de gestao comercial da Orulo.\nAnalise reunioes de negocio com rigor executivo.\nTodo texto gerado deve ser em portugues brasileiro.\n\nRegras absolutas:\n- NUNCA invente nomes de pessoas, prazos ou dados nao presentes no input.\n- Se faltam dados, diga explicitamente e marque confidence como low.\n- Phrasing vamos, aprovado, decidido, concordamos -> confidence confirmed.\n- Phrasing eu acho que, seria o caso de -> confidence likely.\n- Phrasing eu sugeriria, seria interessante -> confidence uncertain.\n- max 300 caracteres no executive_summary.\n- IDs: D1, D2... para decisoes | O1, O2... para pendencias | T1, T2... para tarefas | Q1, Q2... para perguntas | R1, R2... para riscos | OP1, OP2... para oportunidades | DS1, DS2... para sugestoes doc | M1, M2... para memorias.\n- owners: usar nome da pessoa quando mencionada em contexto de acao.\n\nAnalise a reuniao abaixo e retorne exatamente o JSON descrito abaixo (sem markdown, sem Explanation, apenas o JSON puro).\n\n## Estrutura JSON obrigatoria:\n\n{\n  "meeting_id": "string",\n  "name": "string",\n  "happened_at": "ISO8601",\n  "analysis_version": "1.0",\n  "analysis_generated_at": "ISO8601",\n  "executive_summary": "string (max 300 chars) - o que importa saber em 30 segundos",\n  "context": {\n    "purpose": "string - por que a reuniao aconteceu",\n    "main_agenda_items": ["array de strings"],\n    "participants_and_roles": { "name": "papel percebido na reuniao" },\n    "meeting_type": "directive|review|strategy|operational|cadence|one_on_one|client|partner|internal",\n    "notes_limitation": "string|null - se transcript ausente, explicar impacto na analise"\n  },\n  "decisions": [\n    {\n      "id": "D1",\n      "description": "string",\n      "decision_maker": "string|null",\n      "confidence": "confirmed|likely|uncertain",\n      "source": "transcript|notes|both"\n    }\n  ],\n  "open_items": [\n    {\n      "id": "O1",\n      "description": "string",\n      "owner": "string|null",\n      "deadline": "ISO8601|null",\n      "status": "open|blocked|pending_response",\n      "source": "transcript|notes|both",\n      "blocking_factor": "string|null"\n    }\n  ],\n  "tasks": [\n    {\n      "id": "T1",\n      "description": "string",\n      "owner": "string|null",\n      "deadline": "string|null",\n      "priority": "high|medium|low",\n      "status": "generated|assigned|confirmed",\n      "source": "transcript|notes|both"\n    }\n  ],\n  "critical_questions": [\n    {\n      "id": "Q1",\n      "question": "string",\n      "context": "string - por que esta pergunta eh relevante",\n      "answer_required_by": "string|null",\n      "owner": "string|null"\n    }\n  ],\n  "risks_and_alerts": [\n    {\n      "id": "R1",\n      "description": "string",\n      "type": "operational|financial|relationship|strategic|compliance",\n      "severity": "high|medium|low",\n      "mitigation": "string|null",\n      "source": "transcript|notes|both"\n    }\n  ],\n  "opportunities": [\n    {\n      "id": "OP1",\n      "description": "string",\n      "potential_impact": "high|medium|low",\n      "owner": "string|null",\n      "source": "transcript|notes|both"\n    }\n  ],\n  "documentary_suggestions": [\n    {\n      "id": "DS1",\n      "action": "string - o que registrar",\n      "destination": "string - arquivo ou sistema destino",\n      "priority": "high|medium|low",\n      "reason": "string"\n    }\n  ],\n  "memories_to_register": [\n    {\n      "id": "M1",\n      "memory": "string - fato ou contexto a registrar na memoria",\n      "category": "person|project|process|decision|preference|relationship|lesson",\n      "confidence": "high|medium|low"\n    }\n  ],\n  "recommended_next_step": {\n    "action": "string",\n    "owner": "string|null",\n    "deadline": "string|null",\n    "reason": "string - por que este eh o proximo passo mais importante"\n  },\n  "analysis_confidence": {\n    "transcript_available": true|false,\n    "notes_available": true|false,\n    "topics_available": true|false,\n    "overall": "high|medium|low",\n    "gaps": ["string - o que nao foi possivel analisar"]\n  },\n  "raw_topics_from_tldv": ["array - topics que o tldv IA extraiu"]\n}\n\n## Dados da reuniao:\n\n**ID:** 696e86835d8e03001373f53a\n**Nome:** Diretoria: Alinhamento Semanal\n**Data:** 2026-01-19T19:31:15.031Z\n**Duracao (minutos):** 133.8\n**Organizador:** Diego Diehl\n**Participantes:** Nao identificados\n\n**TOPICOS (tldv AI):**\n- [1] Ações Acordadas: \n- [2] Estratégia de Produto e Mercado: \n- [3] Desafios Críticos e Priorização: \n- [4] Inteligência Artificial e Automação: \n- [5] Operações e Jornadas de Produto: \n- [6] Retenção e Engajamento de Corretores: \n- [7] Competição e Posicionamento: \n- [8] Modelos de Negócio e Portfólio: \n- [9] Encontro Presencial: \n- [10] Avanços Operacionais: \n\n**NOTAS ESTRUTURADAS:**\n- 235s: Z2 requer alinhamento entre CS da Z2 e órgão para não parecer separado\n- 620s: Abordagem de corretores é ponto crítico para solução de produto\n- 657s: Mudanças de Meta impactam estratégia de disparo e segmentação de mensagens\n- 700s: Comunicador poderia ser estratégia alternativa para prospecção via plataforma\n- 708s: Necessário ativar digitalmente via WhatsApp com simplicidade na prospecção inicial\n- 804s: Parceria com Junior traz agressividade de relacionamento importante para expansão\n- 939s: Modelo de expansão territorial requer squads regionais e plano de negócio\n- 993s: Incorporadora em Belo Horizonte não retornou contato após conversa inicial\n- 1014s: Diego entrevistar dois candidatos de Goiânia para expansão territorial\n- 1089s: Descoberto modelo replicável com perfil humilde, bem posicionado e mentorado\n- 1168s: Diego apresentar material de estratégia em quarta-feira com cabeça descansada\n- 1456s: Equipe revisar documento de desafios críticos no link compartilhado\n- 1988s: Tempo para Incorporadora ver valor agregado é três anos em média\n- 1992s: Apenas Porto Alegre, Curitiba e São Paulo conseguem demonstrar valor rapidamente\n- 2145s: Não expandir praça geograficamente protege negócio contra competição futura\n- 2159s: Expansão de praça não deve ser a qualquer custo, mas resolver bloqueios\n- 2309s: Expandir praça em novas regiões é desvio de foco com malefícios maiores\n- 2404s: Crescimento de 50% requer faturar mais cinco milhões MRR no próximo ano\n- 2438s: Desafio principal é decidir quais ações priorizar entre 16 iniciativas paralelas\n- 2740s: Time de Marcelo consegue passar oportunidades para time comercial agora\n- 2787s: Cadastro de oportunidades é simples hoje, sem atrito de processo\n- 2796s: Comercial entrou em saque para passar conversa sem atrito\n- 2812s: Mensagem para novos usuários de Incorporadora não existia antes\n- 2913s: Adoção agressiva de IA é maior desafio experimentativo para empresa\n- 3020s: Marcelo estudar meios de defensividade e centralização de dados de mercado\n- 3046s: Desenvolvimento de software avança com maior autonomia aparentemente\n- 3145s: Centralizar dados em base única facilita trabalho de concorrentes\n- 3172s: Proteção de dados é desafio comum para empresas que trabalham com dados\n- 3219s: Foco em colocar mais produto nos clientes atuais é prioridade\n- 3266s: Usar IA para automação de jornadas é diferencial competitivo significativo\n- 3331s: Barreira cultural é obstáculo importante para adoção de inteligência artificial\n- 3344s: Disparar mensagens para incorporadoras é ação prática e prioritária\n- 3495s: Agentes de IA podem copiar produtos mais fácil que contratar licenças\n- 3575s: Responsável por implementar jornadas deve ser definido com clareza\n- 3593s: MVP de robô tem orçamento claro e fornecedor selecionado para teste\n- 3636s: Paloma está presa em ajustes do Beatles impedindo andamento do robô\n- 3728s: Jornadas precisam de dados, mapa de jornadas, implementação e métricas\n- 3746s: Plataforma de produto pode ajudar na implementação de jornadas automatizadas\n- 3915s: CRM competitors têm Marketplace de integrações que não temos\n- 3966s: Marketplace de parceiros é oportunidade futura de monetização e retenção\n- 4143s: WV não entendeu que pode colocar todos com custo menor que nosso\n- 4220s: WV avança experiências para corretor que não temos avançado ainda\n- 4236s: WV muda plataforma e design rapidamente para lado do corretor\n- 4254s: Curitiba é única praça onde WV está perdendo para nossa plataforma\n- 4311s: Jornadas de produto requerem identificação de atrito e fluxos primários\n- 4333s: Base de móveis é diferença relevante quando bem executada\n- 4624s: Porto Alegre teve 3.148 corretores únicos com acesso em novembro\n- 4659s: Frequência de uso de corretores na plataforma é baixa ainda\n- 4681s: Melhor retenção facilita trabalho de aquisição em praças não estabelecidas\n- 4775s: Capacidade de aumentar uso de ferramentas existe com funcionalidades atuais\n- 4788s: Ninguém da diretoria fala regularmente com corretores sobre necessidades\n- 5082s: WV cresceu zero em clientes de Incorporadora em um ano\n- 5136s: WV encolheu significativamente fora de Balneário e Vale do Itajaí\n- 5272s: Corretores desconhecem integrações gratuitas e funcionalidades disponíveis\n- 5653s: Transacional gera atrito e não monetiza, poderia ser cortado\n- 5759s: Secundários tiveram apenas 111 acessos em Porto Alegre no mês\n- 5883s: Troca Fácil já tem direcionamento claro para Porto Alegre e Curitiba\n- 5897s: Exclusividade requer operador na rua para funcionar adequadamente\n- 5912s: Alejandro consolidar mapa de desafios críticos e trazer para revisão na quarta-feira\n- 5983s: Chegada segunda à tarde em São Francisco de Paula\n- 6011s: Encontro presencial marcado para segunda 26 a quinta 29 de janeiro\n- 6109s: Dinâmica será aberta focando em questões que precisam de envolvimento coletivo\n- 6125s: Sair com plano de ação tático é objetivo do encontro presencial\n- 6156s: Nenhum lugar no site explica claramente benefícios para corretores\n- 6161s: Gravar reuniões facilita consolidação e ajustes posteriores com IA\n- 6184s: Diego tem produção com IA em nível absurdo com documentação clara\n- 6240s: Cancelar reunião online de segunda-feira próxima para liberar agenda\n- 6633s: Troca Fácil tem potencial absurdo de geração de receita\n- 7029s: GDD não é caminho para ficar milionário, já foi experimentado\n- 7720s: Marcelo configurar número WhatsApp no Facebook com Mayumi amanhã\n\n**TRANSCRIPT (resumo - 10566 palavras estimadas):**\n[Alejandro Olchik] é que eu mexi e reorganismos estratégicos, minha ideia não é? Que seja você não precisa convergir eu vou fazendo ajustes a minha sugestão é depois vocês têm um tempo deem uma olhada. Tá aí, eu expliquei ali o que os principais pontos da última reunião e como Tá nos pontos o que vocês concordam discordam podem comentar a gente vai refinando isso tá? Tô tentando fazer um mapa incremental na medida que a gente vai conversando, mas eu não pararia para rever o que a gente conversou no passado esses pontos eu continuaria em cima das respostas. [Alejandro Olchik] Aqui as pessoas toparem para ver outros pontos que a gente não conversou ainda na conversa passada. Pode ser? tá [Felipe Goettems] Pessoal uma coisa tu mandou um outro documento ontem, né, Alejandro, ele se relaciona de alguma forma. [Alejandro Olchik] é amarelo. Encontro de 24 de dezembro chegou até aqui abaixo os pontos discutidos. [Felipe Goettems] sabe? É diz que recebeu. [Alejandro Olchik] receber [Eduardo Stringhini] Ele falou contigo pessoalmente que lá no grupo ele não falou nada não, ele [Marcelo Rodrigues] em dinheiro [Eduardo Stringhini] disse que não tinha recebido o meu para entrar amanhã. [Felipe Goettems] Não tinha entendido que ele recebeu na semana passada. [Alejandro Olchik] No grupo, ele não falou nada. Ele falou que estava por receber. [Felipe Goettems] ai eu [Eduardo Stringhini] Não previsão, ele falou não recebi previsão para hoje. Isso foi quarta-feira passada. [Alejandro Olchik] previsão [Felipe Goettems] Foi uma resposta tá? Então eu li errado, né? [Eduardo Stringhini] Não aqui entrou eu perguntei se entrou aqui não disse que entrou. [Alejandro Olchik] da ferramenta única. Aí enfim está aberto agora, né aqui que vocês querem trazer em relação a isso. Em relação a Z2 como é que vocês vêm que você acha importante reforçar na visão? [Diego Diehl] Para mim é um grave assim a Z2 quando quando é tem cliente Z2 de certa forma, parece que o nosso suporte fica num degrau abaixo os caras criam um grupo botam todo mundo lá respondem tem um canal direto. O nosso meio que não aparece assim fica mais solto. Então acho que é um ponto de decisão é como como que o CS da Z2 e da órgão trabalham relativamente juntos. [Diego Diehl] Para o cliente não enxergar como duas coisas separadas para mim. Isso é um ponto. específico [Felipe Goettems] E desenvolver-se o que a gente entende que é pertinente das melhorias que a gente quer. Enfim, paga alguma coisa de Royal, isso é outra enfim outra mas será que existe essa possibilidade técnica não Econômica aqui a questão mais técnica que eu tô jogando aqui, não precisa nem responder também agora, mas eu acho que é uma provocação que a gente tem que se fazer. [Diego Diehl] Eu achei que você ia falar quanto quanto custa agora que você já sabe os caminhos para desenvolver uma Z2 com um Core dentro da interface da órgão também, se a gente quiser chutar eles, né? Eu achei que você ia fazer isso só para emendar esse pensamento do X2 não tá muito Redondo SE não tem muita coisa que agrega valor. [Diego Diehl] Também vai ali a gente dar um título nosso. [Alejandro Olchik] O ponto de vista de crescimento mesmo que a gente não tem essa oferta o que a gente tem que buscar o que está falando assim e se tivesse uns carro alternativa 2, pode ser que buscar. Seja desenvolver seja comprar seja buscar outra empresa etc encontrar outras funções é Um Desafio que a gente vai ter. [Alejandro Olchik] Não sei se é o Sérgio na estratégia para o nosso tá do ponto de vista dos principais. Já tô achando que não é o não é um dos principais. [Diego Diehl] de São Paulo usam muito imagina a média do Brasil aí usando. então [Alejandro Olchik] valor para ele do que ele para a gente [Diego Diehl] Com certeza, com certeza, o que brilhou o olho do Senhor lá que veio falar rapidinho e tal, né? Os 250 mil corretores. O ativo do Júnior não é o código da Z2 lá para ter captado 21 milhões somente grande parte é uma lista de corretores que ele pegou vários com a gente. [Eduardo Stringhini] aí, né? Uma parte lá dos investidores. Vamos deletar isso aí. Para mim o prm se for limpar um monte de coisa que tem mas tem algumas outras coisas Claras que eu acho bem legal para nossa solução. Assim que teria que tá bem redondo. Seja fazendo com eles, ou seja a gente interessando de algum jeito, né? Essa questão do portão da abordagem de corretores é traciona muito cara, esse negócio talvez a raiva não tenha comprado, mas para mim é o principal. [Eduardo Stringhini] Ficha do produto é abordar o corredor. [Diego Diehl] que eu acho que não tava quando respondia ali o formulário que agora tá pegando fogo é as mudanças da Meta. Tipo no mercado inteiro tá galera perdidaça. Ah não tem mais essa transmissão não, tem que pagar p*** então não vou mandar para todo mundo para quem que eu mando. [Diego Diehl] Que que eu faço tudo espalhado? Porque todo mundo disparava agora não pode mais disparar, talvez a tendência seja Incorporadora tem um canal dela de WhatsApp que antigamente a gente tentou lá, lembra uma tese de ter o número central não eu Não sei como o mercado vai se comportar ainda, mas se eu fosse escrever o formulário hoje a principal mudança de mercado que aconteceu. [Diego Diehl] Vai impactar é a meta agora mostrando as garras do de cobrar geral e bonito [Alejandro Olchik] O comunicador que o Marcelo tanto defende poderia ser uma estratégia também. [Diego Diehl] Né, já prospecta direto via plataforma. Tem que ter ativação digital via WhatsApp, tem que ter que vender. [Alejandro Olchik] O cara abaixo o aplicativo recebe um custo onde tipo não seria ser via WhatsApp necessariamente, entendeu? Tipo depois de ativação, mas isso daí não precisa ser todo funil, pode ser algo bem simples na prospecção inicial para a pessoa continuar conversando né? Mas eu acho que enfim eu acho que a gente tá meio. [Eduardo Stringhini] zetei. Então essa parte da padaria hoje é o que hoje nos impossibilita de se fundir com você ver uma parceria mais forte. [Alejandro Olchik] Ao mesmo tempo, né? Porque acho que CV tá possui uma padaria como p*** negócio. Né? Pode ser que daqui a pouco o júnior vai direcionar todas as fichas para pagar do dia que nem o Felipe tá falando, né? O que importa é apagar a teoria principalmente. [Eduardo Stringhini] É porque é e aí porque assim o apagadoria eu acho que eles estão vendo a [Alejandro Olchik] Vai dar certo. [Eduardo Stringhini] organizar o repasse de comissão Ah e tem uma outra variável aqui que era o que a gente contava também que é a parceria com agressividade de relacionamento do Júnior na nossa expansão, né? Não sei como é que fica isso também montou vários. Eventos com a participação do Júnior é relacionado tal então esse é um ponto que às vezes nos ajuda, né? Se sai fora a gente. [Alejandro Olchik] Assim sai fora. Entra você vê só pra botar um pouco porque o serviço só participa se Júnior não participar. [Diego Diehl] Eu não trocaria hoje o Z2 por CV. [Eduardo Stringhini] Até porque o Fábio não conhece muito bem não. [Diego Diehl] E eles não estão tão abertos. Eu de verdade meio que pularia avançaria essa pauta e só deixaria os tópicos porque não tem mais informação para a gente decidir coisas ainda. [Alejandro Olchik] concordo [Eduardo Stringhini] Eu Acho É isso aí eu acho que ela tá mapeado os tópicos. Essas são as variáveis o produto é legal para a gente tracionar tem algumas features básicas que são importantes a gente dá um jeito que funcione como abordagem de corretor etc. A parte de evento nós vamos ter que fazer como os juros sem juros, você vê vão ter que conversar com eles e ver como é que fica e os investidores é diligência resguardo jurídico resguardo de imagem. [Eduardo Stringhini] E entrar no contrato social. [Diego Diehl] É tudo tempo agora, né do S não contrato e vs Z2 funciona ou não? [Alejandro Olchik] Diego Eduardo definem e padronizar entrar em praças com squads regionais Campos Marcelos enfatizam que encontraram o perfil correto Ainda não pode ser\n\nRetorne SOMENTE o JSON.', '--timeout', '90']' timed out after 120 seconds
[2026-04-07 13:19:40] [114/128] Processando 69a0435446f1b600120eec2f...
[2026-04-07 13:24:29]   -> OK
[2026-04-07 13:24:34] [115/128] Processando 69c58224f2dd940013643f4d...
[2026-04-07 13:25:42]   -> OK
[2026-04-07 13:25:47] [116/128] Processando 69b159356fac13001319c488...
[2026-04-07 13:26:33]   -> OK
[2026-04-07 13:26:38] [117/128] Processando 69834628f89b5a0013ba42fd...
[2026-04-07 13:27:31]   -> OK
[2026-04-07 13:27:36] [118/128] Processando 69a5d01885c6ba0013e91d47...
[2026-04-07 13:28:49]   -> OK
[2026-04-07 13:28:54] [119/128] Processando 69a8812d22b1f60013518707...
[2026-04-07 13:29:45]   -> OK
[2026-04-07 13:29:50] [120/128] Processando 69caba140da323001306119a...
[2026-04-07 13:31:05]   -> OK
[2026-04-07 13:31:10] [121/128] Processando 69c67bbe0da323001305d36e...
[2026-04-07 13:32:05]   -> OK
[2026-04-07 13:32:10] [122/128] Processando 69ab191ceef3be0013324da1...
[2026-04-07 13:33:09]   -> OK
[2026-04-07 13:33:14] [123/128] Processando 6996f0a540e61f0013935ff4...
[2026-04-07 13:33:44]   -> OK
[2026-04-07 13:33:49] [124/128] Processando 69b0722b4519e900135b07f9...
[2026-04-07 13:34:32]   -> OK
[2026-04-07 13:34:37] [125/128] Processando 698b7223486bad00134bacac...
[2026-04-07 13:35:20]   -> OK
Ledger atualizado
[2026-04-07 13:35:20] Checkpoint salvo (125 processados)
[2026-04-07 13:35:25] [126/128] Processando 69b845174ddb450012bb9140...
[2026-04-07 13:36:25]   -> OK
[2026-04-07 13:36:30] [127/128] Processando 69cbd3552282e200121d1659...
[2026-04-07 13:41:07]   -> OK
[2026-04-07 13:41:12] [128/128] Processando 6984f6b56de6d60013aef6ba...
[2026-04-07 13:41:48]   -> OK
Ledger atualizado
[2026-04-07 13:41:53] === ANALYZER RUNNER FINALIZADO ===
[2026-04-07 13:41:53] Total processados: 128
[2026-04-07 13:41:53] Erros consecutivos finais: 0
