[2026-04-06 22:11:37] === ANALYZER RUNNER INICIADO ===
[2026-04-06 22:11:37] PID: 20989
[2026-04-06 22:11:37] Meetings pendentes: 767
[2026-04-06 22:11:37] [1/767] Processando 6691291b5d17fd0013b09ef1...
[2026-04-06 22:16:38]   -> ERRO (rc=124): 
[2026-04-06 22:16:43] [2/767] Processando 669555a9bcf88200145d7aa5...
[2026-04-06 22:21:43]   -> ERRO (rc=124): 
[2026-04-06 22:21:48] [3/767] Processando 66968058fa8ed600133c33ee...
[2026-04-06 22:26:48]   -> ERRO (rc=124): 
[2026-04-06 22:26:53] [4/767] Processando 6696ae168b125400137bc5f1...
[2026-04-06 22:31:53]   -> ERRO (rc=124): 
[2026-04-06 22:31:58] [5/767] Processando 6696ca366446c60013e7d341...
[2026-04-06 22:36:58]   -> ERRO (rc=124): 
[2026-04-06 22:36:58] ALERTA: 5 erros seguidos. Pausando 60s...
[2026-04-06 22:38:03] [6/767] Processando 6696df4770b6aa00139a94c4...
[2026-04-06 22:43:03]   -> ERRO (rc=124): 
[2026-04-06 22:43:08] [7/767] Processando 669918cd7b04aa00139fbca0...
[2026-04-06 22:48:08]   -> ERRO (rc=124): 
[2026-04-06 22:48:13] [8/767] Processando 669fa8fbcf20b90013257d98...
[2026-04-06 22:53:13]   -> ERRO (rc=124): 
[2026-04-06 22:53:18] [9/767] Processando 66a023ca5425ff00136e526c...
[2026-04-06 22:58:18]   -> ERRO (rc=124): 
[2026-04-06 22:58:23] [10/767] Processando 66a0f4067a45fa0012b92bb6...
[2026-04-06 23:03:23]   -> ERRO (rc=124): 
[2026-04-06 23:03:23] ALERTA: 5 erros seguidos. Pausando 60s...
[2026-04-06 23:04:28] [11/767] Processando 66a16ad7837a660013e12b54...
[2026-04-06 23:09:28]   -> ERRO (rc=124): 
[2026-04-06 23:09:33] [12/767] Processando 66a24bc689e5fe0013c8a2fd...
